     1>E:\azure-sdk-for-net\tools\SdkBuildTools\targets\common.targets(444,5): error SCP3000: A non-baseline warning () was encountered: The SDK 'Microsoft.NET.Sdk' specified could not be found.  E:\azure-sdk-for-net\src\SDKs\SqlManagement\Management.Sql\Microsoft.Azure.Management.Sql.csproj
     1>E:\azure-sdk-for-net\tools\SdkBuildTools\targets\common.targets(444,5): error SCP3000: A non-baseline warning () was encountered: The SDK 'Microsoft.NET.Sdk' specified could not be found.  E:\azure-sdk-for-net\src\SDKs\SqlManagement\Sql.Tests\Sql.Tests.csproj
     1>E:\azure-sdk-for-net\tools\SdkBuildTools\targets\common.targets(444,5): error MSB4018: The "SDKCategorizeProjects" task failed unexpectedly.\r [E:\azure-sdk-for-net\build.proj]
E:\azure-sdk-for-net\tools\SdkBuildTools\targets\common.targets(444,5): error MSB4018: System.AggregateException: One or more errors occurred. ---> Microsoft.Build.Exceptions.InvalidProjectFileException: The SDK 'Microsoft.NET.Sdk' specified could not be found.  E:\azure-sdk-for-net\src\SDKs\SqlManagement\Management.Sql\Microsoft.Azure.Management.Sql.csproj\r [E:\azure-sdk-for-net\build.proj]
E:\azure-sdk-for-net\tools\SdkBuildTools\targets\common.targets(444,5): error MSB4018:    at Microsoft.Build.Shared.ProjectErrorUtilities.ThrowInvalidProject(String errorSubCategoryResourceName, IElementLocation elementLocation, String resourceName, Object[] args)\r [E:\azure-sdk-for-net\build.proj]
E:\azure-sdk-for-net\tools\SdkBuildTools\targets\common.targets(444,5): error MSB4018:    at Microsoft.Build.Evaluation.Evaluator`4.ExpandAndLoadImportsFromUnescapedImportExpressionConditioned(String directoryOfImportingFile, ProjectImportElement importElement, List`1& projects, Boolean throwOnFileNotExistsError)\r [E:\azure-sdk-for-net\build.proj]
E:\azure-sdk-for-net\tools\SdkBuildTools\targets\common.targets(444,5): error MSB4018:    at Microsoft.Build.Evaluation.Evaluator`4.ExpandAndLoadImports(String directoryOfImportingFile, ProjectImportElement importElement)\r [E:\azure-sdk-for-net\build.proj]
E:\azure-sdk-for-net\tools\SdkBuildTools\targets\common.targets(444,5): error MSB4018:    at Microsoft.Build.Evaluation.Evaluator`4.EvaluateImportElement(String directoryOfImportingFile, ProjectImportElement importElement)\r [E:\azure-sdk-for-net\build.proj]
E:\azure-sdk-for-net\tools\SdkBuildTools\targets\common.targets(444,5): error MSB4018:    at Microsoft.Build.Evaluation.Evaluator`4.PerformDepthFirstPass(ProjectRootElement currentProjectOrImport)\r [E:\azure-sdk-for-net\build.proj]
E:\azure-sdk-for-net\tools\SdkBuildTools\targets\common.targets(444,5): error MSB4018:    at Microsoft.Build.Evaluation.Evaluator`4.Evaluate(ILoggingService loggingService, BuildEventContext buildEventContext)\r [E:\azure-sdk-for-net\build.proj]
E:\azure-sdk-for-net\tools\SdkBuildTools\targets\common.targets(444,5): error MSB4018:    at Microsoft.Build.Evaluation.Evaluator`4.Evaluate(IEvaluatorData`4 data, ProjectRootElement root, ProjectLoadSettings loadSettings, Int32 maxNodeCount, PropertyDictionary`1 environmentProperties, ILoggingService loggingService, IItemFactory`2 itemFactory, IToolsetProvider toolsetProvider, ProjectRootElementCache projectRootElementCache, BuildEventContext buildEventContext, ProjectInstance projectInstanceIfAnyForDebuggerOnly, SdkResolution sdkResolution)\r [E:\azure-sdk-for-net\build.proj]
E:\azure-sdk-for-net\tools\SdkBuildTools\targets\common.targets(444,5): error MSB4018:    at Microsoft.Build.Evaluation.Project.Reevaluate(ILoggingService loggingServiceForEvaluation, ProjectLoadSettings loadSettings)\r [E:\azure-sdk-for-net\build.proj]
E:\azure-sdk-for-net\tools\SdkBuildTools\targets\common.targets(444,5): error MSB4018:    at Microsoft.Build.Evaluation.Project.ReevaluateIfNecessary(ILoggingService loggingServiceForEvaluation, ProjectLoadSettings loadSettings)\r [E:\azure-sdk-for-net\build.proj]
E:\azure-sdk-for-net\tools\SdkBuildTools\targets\common.targets(444,5): error MSB4018:    at Microsoft.Build.Evaluation.Project.Initialize(IDictionary`2 globalProperties, String toolsVersion, String subToolsetVersion, ProjectLoadSettings loadSettings)\r [E:\azure-sdk-for-net\build.proj]
E:\azure-sdk-for-net\tools\SdkBuildTools\targets\common.targets(444,5): error MSB4018:    at Microsoft.Build.Evaluation.Project..ctor(String projectFile, IDictionary`2 globalProperties, String toolsVersion, String subToolsetVersion, ProjectCollection projectCollection, ProjectLoadSettings loadSettings)\r [E:\azure-sdk-for-net\build.proj]
E:\azure-sdk-for-net\tools\SdkBuildTools\targets\common.targets(444,5): error MSB4018:    at Microsoft.Build.Evaluation.Project..ctor(String projectFile)\r [E:\azure-sdk-for-net\build.proj]
E:\azure-sdk-for-net\tools\SdkBuildTools\targets\common.targets(444,5): error MSB4018:    at Microsoft.Azure.Sdk.Build.Tasks.Models.SdkProjectMetaData.GetProject(String fullProjectPath)\r [E:\azure-sdk-for-net\build.proj]
E:\azure-sdk-for-net\tools\SdkBuildTools\targets\common.targets(444,5): error MSB4018:    at Microsoft.Azure.Sdk.Build.Tasks.Models.SdkProjectMetaData..ctor(String fullProjectPath, TargetFrameworkMoniker priorityFxVersion)\r [E:\azure-sdk-for-net\build.proj]
E:\azure-sdk-for-net\tools\SdkBuildTools\targets\common.targets(444,5): error MSB4018:    at Microsoft.Azure.Sdk.Build.Tasks.Models.SdkProjectMetaData..ctor(ITaskItem projTaskItem)\r [E:\azure-sdk-for-net\build.proj]
E:\azure-sdk-for-net\tools\SdkBuildTools\targets\common.targets(444,5): error MSB4018:    at Microsoft.WindowsAzure.Build.Tasks.SDKCategorizeProjects.<>c__DisplayClass115_0.<GetLoadedProjectList>b__0(ITaskItem proj)\r [E:\azure-sdk-for-net\build.proj]
E:\azure-sdk-for-net\tools\SdkBuildTools\targets\common.targets(444,5): error MSB4018:    at System.Threading.Tasks.Parallel.<>c__DisplayClass42_0`2.<PartitionerForEachWorker>b__1()\r [E:\azure-sdk-for-net\build.proj]
E:\azure-sdk-for-net\tools\SdkBuildTools\targets\common.targets(444,5): error MSB4018:    at System.Threading.Tasks.Task.InnerInvoke()\r [E:\azure-sdk-for-net\build.proj]
E:\azure-sdk-for-net\tools\SdkBuildTools\targets\common.targets(444,5): error MSB4018:    at System.Threading.Tasks.Task.InnerInvokeWithArg(Task childTask)\r [E:\azure-sdk-for-net\build.proj]
E:\azure-sdk-for-net\tools\SdkBuildTools\targets\common.targets(444,5): error MSB4018:    at System.Threading.Tasks.Task.<>c__DisplayClass176_0.<ExecuteSelfReplicating>b__0(Object )\r [E:\azure-sdk-for-net\build.proj]
E:\azure-sdk-for-net\tools\SdkBuildTools\targets\common.targets(444,5): error MSB4018:    --- End of inner exception stack trace ---\r [E:\azure-sdk-for-net\build.proj]
E:\azure-sdk-for-net\tools\SdkBuildTools\targets\common.targets(444,5): error MSB4018:    at System.Threading.Tasks.Task.ThrowIfExceptional(Boolean includeTaskCanceledExceptions)\r [E:\azure-sdk-for-net\build.proj]
E:\azure-sdk-for-net\tools\SdkBuildTools\targets\common.targets(444,5): error MSB4018:    at System.Threading.Tasks.Task.Wait(Int32 millisecondsTimeout, CancellationToken cancellationToken)\r [E:\azure-sdk-for-net\build.proj]
E:\azure-sdk-for-net\tools\SdkBuildTools\targets\common.targets(444,5): error MSB4018:    at System.Threading.Tasks.Task.Wait()\r [E:\azure-sdk-for-net\build.proj]
E:\azure-sdk-for-net\tools\SdkBuildTools\targets\common.targets(444,5): error MSB4018:    at System.Threading.Tasks.Parallel.PartitionerForEachWorker[TSource,TLocal](Partitioner`1 source, ParallelOptions parallelOptions, Action`1 simpleBody, Action`2 bodyWithState, Action`3 bodyWithStateAndIndex, Func`4 bodyWithStateAndLocal, Func`5 bodyWithEverything, Func`1 localInit, Action`1 localFinally)\r [E:\azure-sdk-for-net\build.proj]
E:\azure-sdk-for-net\tools\SdkBuildTools\targets\common.targets(444,5): error MSB4018:    at System.Threading.Tasks.Parallel.ForEachWorker[TSource,TLocal](IEnumerable`1 source, ParallelOptions parallelOptions, Action`1 body, Action`2 bodyWithState, Action`3 bodyWithStateAndIndex, Func`4 bodyWithStateAndLocal, Func`5 bodyWithEverything, Func`1 localInit, Action`1 localFinally)\r [E:\azure-sdk-for-net\build.proj]
E:\azure-sdk-for-net\tools\SdkBuildTools\targets\common.targets(444,5): error MSB4018:    at System.Threading.Tasks.Parallel.ForEach[TSource](IEnumerable`1 source, Action`1 body)\r [E:\azure-sdk-for-net\build.proj]
E:\azure-sdk-for-net\tools\SdkBuildTools\targets\common.targets(444,5): error MSB4018:    at Microsoft.WindowsAzure.Build.Tasks.SDKCategorizeProjects.GetLoadedProjectList(IEnumerable`1 projList)\r [E:\azure-sdk-for-net\build.proj]
E:\azure-sdk-for-net\tools\SdkBuildTools\targets\common.targets(444,5): error MSB4018:    at Microsoft.WindowsAzure.Build.Tasks.SDKCategorizeProjects.GetProjectData(List`1 projectList, ConcurrentBag`1 supportedProjectBag)\r [E:\azure-sdk-for-net\build.proj]
E:\azure-sdk-for-net\tools\SdkBuildTools\targets\common.targets(444,5): error MSB4018:    at Microsoft.WindowsAzure.Build.Tasks.SDKCategorizeProjects.Categorize()\r [E:\azure-sdk-for-net\build.proj]
E:\azure-sdk-for-net\tools\SdkBuildTools\targets\common.targets(444,5): error MSB4018:    at Microsoft.WindowsAzure.Build.Tasks.SDKCategorizeProjects.Execute()\r [E:\azure-sdk-for-net\build.proj]
E:\azure-sdk-for-net\tools\SdkBuildTools\targets\common.targets(444,5): error MSB4018:    at Microsoft.Build.BackEnd.TaskExecutionHost.Microsoft.Build.BackEnd.ITaskExecutionHost.Execute()\r [E:\azure-sdk-for-net\build.proj]
E:\azure-sdk-for-net\tools\SdkBuildTools\targets\common.targets(444,5): error MSB4018:    at Microsoft.Build.BackEnd.TaskBuilder.<ExecuteInstantiatedTask>d__26.MoveNext()\r [E:\azure-sdk-for-net\build.proj]
E:\azure-sdk-for-net\tools\SdkBuildTools\targets\common.targets(444,5): error MSB4018: ---> (Inner Exception #0) Microsoft.Build.Exceptions.InvalidProjectFileException: The SDK 'Microsoft.NET.Sdk' specified could not be found.  E:\azure-sdk-for-net\src\SDKs\SqlManagement\Management.Sql\Microsoft.Azure.Management.Sql.csproj\r [E:\azure-sdk-for-net\build.proj]
E:\azure-sdk-for-net\tools\SdkBuildTools\targets\common.targets(444,5): error MSB4018:    at Microsoft.Build.Shared.ProjectErrorUtilities.ThrowInvalidProject(String errorSubCategoryResourceName, IElementLocation elementLocation, String resourceName, Object[] args)\r [E:\azure-sdk-for-net\build.proj]
E:\azure-sdk-for-net\tools\SdkBuildTools\targets\common.targets(444,5): error MSB4018:    at Microsoft.Build.Evaluation.Evaluator`4.ExpandAndLoadImportsFromUnescapedImportExpressionConditioned(String directoryOfImportingFile, ProjectImportElement importElement, List`1& projects, Boolean throwOnFileNotExistsError)\r [E:\azure-sdk-for-net\build.proj]
E:\azure-sdk-for-net\tools\SdkBuildTools\targets\common.targets(444,5): error MSB4018:    at Microsoft.Build.Evaluation.Evaluator`4.ExpandAndLoadImports(String directoryOfImportingFile, ProjectImportElement importElement)\r [E:\azure-sdk-for-net\build.proj]
E:\azure-sdk-for-net\tools\SdkBuildTools\targets\common.targets(444,5): error MSB4018:    at Microsoft.Build.Evaluation.Evaluator`4.EvaluateImportElement(String directoryOfImportingFile, ProjectImportElement importElement)\r [E:\azure-sdk-for-net\build.proj]
E:\azure-sdk-for-net\tools\SdkBuildTools\targets\common.targets(444,5): error MSB4018:    at Microsoft.Build.Evaluation.Evaluator`4.PerformDepthFirstPass(ProjectRootElement currentProjectOrImport)\r [E:\azure-sdk-for-net\build.proj]
E:\azure-sdk-for-net\tools\SdkBuildTools\targets\common.targets(444,5): error MSB4018:    at Microsoft.Build.Evaluation.Evaluator`4.Evaluate(ILoggingService loggingService, BuildEventContext buildEventContext)\r [E:\azure-sdk-for-net\build.proj]
E:\azure-sdk-for-net\tools\SdkBuildTools\targets\common.targets(444,5): error MSB4018:    at Microsoft.Build.Evaluation.Evaluator`4.Evaluate(IEvaluatorData`4 data, ProjectRootElement root, ProjectLoadSettings loadSettings, Int32 maxNodeCount, PropertyDictionary`1 environmentProperties, ILoggingService loggingService, IItemFactory`2 itemFactory, IToolsetProvider toolsetProvider, ProjectRootElementCache projectRootElementCache, BuildEventContext buildEventContext, ProjectInstance projectInstanceIfAnyForDebuggerOnly, SdkResolution sdkResolution)\r [E:\azure-sdk-for-net\build.proj]
E:\azure-sdk-for-net\tools\SdkBuildTools\targets\common.targets(444,5): error MSB4018:    at Microsoft.Build.Evaluation.Project.Reevaluate(ILoggingService loggingServiceForEvaluation, ProjectLoadSettings loadSettings)\r [E:\azure-sdk-for-net\build.proj]
E:\azure-sdk-for-net\tools\SdkBuildTools\targets\common.targets(444,5): error MSB4018:    at Microsoft.Build.Evaluation.Project.ReevaluateIfNecessary(ILoggingService loggingServiceForEvaluation, ProjectLoadSettings loadSettings)\r [E:\azure-sdk-for-net\build.proj]
E:\azure-sdk-for-net\tools\SdkBuildTools\targets\common.targets(444,5): error MSB4018:    at Microsoft.Build.Evaluation.Project.Initialize(IDictionary`2 globalProperties, String toolsVersion, String subToolsetVersion, ProjectLoadSettings loadSettings)\r [E:\azure-sdk-for-net\build.proj]
E:\azure-sdk-for-net\tools\SdkBuildTools\targets\common.targets(444,5): error MSB4018:    at Microsoft.Build.Evaluation.Project..ctor(String projectFile, IDictionary`2 globalProperties, String toolsVersion, String subToolsetVersion, ProjectCollection projectCollection, ProjectLoadSettings loadSettings)\r [E:\azure-sdk-for-net\build.proj]
E:\azure-sdk-for-net\tools\SdkBuildTools\targets\common.targets(444,5): error MSB4018:    at Microsoft.Build.Evaluation.Project..ctor(String projectFile)\r [E:\azure-sdk-for-net\build.proj]
E:\azure-sdk-for-net\tools\SdkBuildTools\targets\common.targets(444,5): error MSB4018:    at Microsoft.Azure.Sdk.Build.Tasks.Models.SdkProjectMetaData.GetProject(String fullProjectPath)\r [E:\azure-sdk-for-net\build.proj]
E:\azure-sdk-for-net\tools\SdkBuildTools\targets\common.targets(444,5): error MSB4018:    at Microsoft.Azure.Sdk.Build.Tasks.Models.SdkProjectMetaData..ctor(String fullProjectPath, TargetFrameworkMoniker priorityFxVersion)\r [E:\azure-sdk-for-net\build.proj]
E:\azure-sdk-for-net\tools\SdkBuildTools\targets\common.targets(444,5): error MSB4018:    at Microsoft.Azure.Sdk.Build.Tasks.Models.SdkProjectMetaData..ctor(ITaskItem projTaskItem)\r [E:\azure-sdk-for-net\build.proj]
E:\azure-sdk-for-net\tools\SdkBuildTools\targets\common.targets(444,5): error MSB4018:    at Microsoft.WindowsAzure.Build.Tasks.SDKCategorizeProjects.<>c__DisplayClass115_0.<GetLoadedProjectList>b__0(ITaskItem proj)\r [E:\azure-sdk-for-net\build.proj]
E:\azure-sdk-for-net\tools\SdkBuildTools\targets\common.targets(444,5): error MSB4018:    at System.Threading.Tasks.Parallel.<>c__DisplayClass42_0`2.<PartitionerForEachWorker>b__1()\r [E:\azure-sdk-for-net\build.proj]
E:\azure-sdk-for-net\tools\SdkBuildTools\targets\common.targets(444,5): error MSB4018:    at System.Threading.Tasks.Task.InnerInvoke()\r [E:\azure-sdk-for-net\build.proj]
E:\azure-sdk-for-net\tools\SdkBuildTools\targets\common.targets(444,5): error MSB4018:    at System.Threading.Tasks.Task.InnerInvokeWithArg(Task childTask)\r [E:\azure-sdk-for-net\build.proj]
E:\azure-sdk-for-net\tools\SdkBuildTools\targets\common.targets(444,5): error MSB4018:    at System.Threading.Tasks.Task.<>c__DisplayClass176_0.<ExecuteSelfReplicating>b__0(Object )<---\r [E:\azure-sdk-for-net\build.proj]
E:\azure-sdk-for-net\tools\SdkBuildTools\targets\common.targets(444,5): error MSB4018: \r [E:\azure-sdk-for-net\build.proj]
E:\azure-sdk-for-net\tools\SdkBuildTools\targets\common.targets(444,5): error MSB4018: ---> (Inner Exception #1) Microsoft.Build.Exceptions.InvalidProjectFileException: The SDK 'Microsoft.NET.Sdk' specified could not be found.  E:\azure-sdk-for-net\src\SDKs\SqlManagement\Sql.Tests\Sql.Tests.csproj\r [E:\azure-sdk-for-net\build.proj]
E:\azure-sdk-for-net\tools\SdkBuildTools\targets\common.targets(444,5): error MSB4018:    at Microsoft.Build.Shared.ProjectErrorUtilities.ThrowInvalidProject(String errorSubCategoryResourceName, IElementLocation elementLocation, String resourceName, Object[] args)\r [E:\azure-sdk-for-net\build.proj]
E:\azure-sdk-for-net\tools\SdkBuildTools\targets\common.targets(444,5): error MSB4018:    at Microsoft.Build.Evaluation.Evaluator`4.ExpandAndLoadImportsFromUnescapedImportExpressionConditioned(String directoryOfImportingFile, ProjectImportElement importElement, List`1& projects, Boolean throwOnFileNotExistsError)\r [E:\azure-sdk-for-net\build.proj]
E:\azure-sdk-for-net\tools\SdkBuildTools\targets\common.targets(444,5): error MSB4018:    at Microsoft.Build.Evaluation.Evaluator`4.ExpandAndLoadImports(String directoryOfImportingFile, ProjectImportElement importElement)\r [E:\azure-sdk-for-net\build.proj]
E:\azure-sdk-for-net\tools\SdkBuildTools\targets\common.targets(444,5): error MSB4018:    at Microsoft.Build.Evaluation.Evaluator`4.EvaluateImportElement(String directoryOfImportingFile, ProjectImportElement importElement)\r [E:\azure-sdk-for-net\build.proj]
E:\azure-sdk-for-net\tools\SdkBuildTools\targets\common.targets(444,5): error MSB4018:    at Microsoft.Build.Evaluation.Evaluator`4.PerformDepthFirstPass(ProjectRootElement currentProjectOrImport)\r [E:\azure-sdk-for-net\build.proj]
E:\azure-sdk-for-net\tools\SdkBuildTools\targets\common.targets(444,5): error MSB4018:    at Microsoft.Build.Evaluation.Evaluator`4.Evaluate(ILoggingService loggingService, BuildEventContext buildEventContext)\r [E:\azure-sdk-for-net\build.proj]
E:\azure-sdk-for-net\tools\SdkBuildTools\targets\common.targets(444,5): error MSB4018:    at Microsoft.Build.Evaluation.Evaluator`4.Evaluate(IEvaluatorData`4 data, ProjectRootElement root, ProjectLoadSettings loadSettings, Int32 maxNodeCount, PropertyDictionary`1 environmentProperties, ILoggingService loggingService, IItemFactory`2 itemFactory, IToolsetProvider toolsetProvider, ProjectRootElementCache projectRootElementCache, BuildEventContext buildEventContext, ProjectInstance projectInstanceIfAnyForDebuggerOnly, SdkResolution sdkResolution)\r [E:\azure-sdk-for-net\build.proj]
E:\azure-sdk-for-net\tools\SdkBuildTools\targets\common.targets(444,5): error MSB4018:    at Microsoft.Build.Evaluation.Project.Reevaluate(ILoggingService loggingServiceForEvaluation, ProjectLoadSettings loadSettings)\r [E:\azure-sdk-for-net\build.proj]
E:\azure-sdk-for-net\tools\SdkBuildTools\targets\common.targets(444,5): error MSB4018:    at Microsoft.Build.Evaluation.Project.ReevaluateIfNecessary(ILoggingService loggingServiceForEvaluation, ProjectLoadSettings loadSettings)\r [E:\azure-sdk-for-net\build.proj]
E:\azure-sdk-for-net\tools\SdkBuildTools\targets\common.targets(444,5): error MSB4018:    at Microsoft.Build.Evaluation.Project.Initialize(IDictionary`2 globalProperties, String toolsVersion, String subToolsetVersion, ProjectLoadSettings loadSettings)\r [E:\azure-sdk-for-net\build.proj]
E:\azure-sdk-for-net\tools\SdkBuildTools\targets\common.targets(444,5): error MSB4018:    at Microsoft.Build.Evaluation.Project..ctor(String projectFile, IDictionary`2 globalProperties, String toolsVersion, String subToolsetVersion, ProjectCollection projectCollection, ProjectLoadSettings loadSettings)\r [E:\azure-sdk-for-net\build.proj]
E:\azure-sdk-for-net\tools\SdkBuildTools\targets\common.targets(444,5): error MSB4018:    at Microsoft.Build.Evaluation.Project..ctor(String projectFile)\r [E:\azure-sdk-for-net\build.proj]
E:\azure-sdk-for-net\tools\SdkBuildTools\targets\common.targets(444,5): error MSB4018:    at Microsoft.Azure.Sdk.Build.Tasks.Models.SdkProjectMetaData.GetProject(String fullProjectPath)\r [E:\azure-sdk-for-net\build.proj]
E:\azure-sdk-for-net\tools\SdkBuildTools\targets\common.targets(444,5): error MSB4018:    at Microsoft.Azure.Sdk.Build.Tasks.Models.SdkProjectMetaData..ctor(String fullProjectPath, TargetFrameworkMoniker priorityFxVersion)\r [E:\azure-sdk-for-net\build.proj]
E:\azure-sdk-for-net\tools\SdkBuildTools\targets\common.targets(444,5): error MSB4018:    at Microsoft.Azure.Sdk.Build.Tasks.Models.SdkProjectMetaData..ctor(ITaskItem projTaskItem)\r [E:\azure-sdk-for-net\build.proj]
E:\azure-sdk-for-net\tools\SdkBuildTools\targets\common.targets(444,5): error MSB4018:    at Microsoft.WindowsAzure.Build.Tasks.SDKCategorizeProjects.<>c__DisplayClass115_0.<GetLoadedProjectList>b__0(ITaskItem proj)\r [E:\azure-sdk-for-net\build.proj]
E:\azure-sdk-for-net\tools\SdkBuildTools\targets\common.targets(444,5): error MSB4018:    at System.Threading.Tasks.Parallel.<>c__DisplayClass42_0`2.<PartitionerForEachWorker>b__1()\r [E:\azure-sdk-for-net\build.proj]
E:\azure-sdk-for-net\tools\SdkBuildTools\targets\common.targets(444,5): error MSB4018:    at System.Threading.Tasks.Task.InnerInvoke()\r [E:\azure-sdk-for-net\build.proj]
E:\azure-sdk-for-net\tools\SdkBuildTools\targets\common.targets(444,5): error MSB4018:    at System.Threading.Tasks.Task.InnerInvokeWithArg(Task childTask)\r [E:\azure-sdk-for-net\build.proj]
E:\azure-sdk-for-net\tools\SdkBuildTools\targets\common.targets(444,5): error MSB4018:    at System.Threading.Tasks.Task.<>c__DisplayClass176_0.<ExecuteSelfReplicating>b__0(Object )<---\r [E:\azure-sdk-for-net\build.proj]
E:\azure-sdk-for-net\tools\SdkBuildTools\targets\common.targets(444,5): error MSB4018:  [E:\azure-sdk-for-net\build.proj]
