<?xml version="1.0" encoding="utf-8"?>
<coverage line-rate="0.7363" branch-rate="0.7168000000000001" version="1.9" timestamp="1613144232" lines-covered="2232" lines-valid="3031" branches-covered="610" branches-valid="851">
  <sources>
    <source>C:\</source>
  </sources>
  <packages>
    <package name="Azure.Core.TestFramework" line-rate="0" branch-rate="1" complexity="1">
      <classes>
        <class name="AutoGeneratedProgram" filename="Users\chriss\.nuget\packages\microsoft.net.test.sdk\16.8.0\build\netcoreapp2.1\Microsoft.NET.Test.Sdk.Program.cs" line-rate="0" branch-rate="1" complexity="1">
          <methods>
            <method name="Main" signature="(System.String[])" line-rate="0" branch-rate="1" complexity="1">
              <lines>
                <line number="4" hits="0" branch="False" />
              </lines>
            </method>
          </methods>
          <lines>
            <line number="4" hits="0" branch="False" />
          </lines>
        </class>
      </classes>
    </package>
    <package name="Azure.Identity" line-rate="0.7365999999999999" branch-rate="0.7168000000000001" complexity="1239">
      <classes>
        <class name="Azure.Identity.AbstractAcquireTokenParameterBuilderExtensions/&lt;ExecuteAsync&gt;d__0`1" filename="src\azure-sdk-for-net\sdk\identity\Azure.Identity\src\AbstractAcquireTokenParameterBuilderExtensions.cs" line-rate="1" branch-rate="1" complexity="2">
          <methods>
            <method name="MoveNext" signature="()" line-rate="1" branch-rate="1" complexity="2">
              <lines>
                <line number="14" hits="92" branch="False" />
                <line number="15" hits="92" branch="True" condition-coverage="100% (2/2)">
                  <conditions>
                    <condition number="21" type="jump" coverage="100%" />
                  </conditions>
                </line>
                <line number="16" hits="92" branch="False" />
                <line number="17" hits="92" branch="False" />
                <line number="18" hits="92" branch="False" />
                <line number="21" hits="74" branch="False" />
                <line number="22" hits="74" branch="False" />
              </lines>
            </method>
          </methods>
          <lines>
            <line number="14" hits="92" branch="False" />
            <line number="15" hits="92" branch="True" condition-coverage="100% (2/2)">
              <conditions>
                <condition number="21" type="jump" coverage="100%" />
              </conditions>
            </line>
            <line number="16" hits="92" branch="False" />
            <line number="17" hits="92" branch="False" />
            <line number="18" hits="92" branch="False" />
            <line number="21" hits="74" branch="False" />
            <line number="22" hits="74" branch="False" />
          </lines>
        </class>
        <class name="Azure.Identity.AppServiceV2017ManagedIdentitySource" filename="src\azure-sdk-for-net\sdk\identity\Azure.Identity\src\AppServiceV2017ManagedIdentitySource.cs" line-rate="0.9117000000000001" branch-rate="1" complexity="7">
          <methods>
            <method name="TryCreate" signature="(Azure.Identity.ManagedIdentityClientOptions)" line-rate="0.7857" branch-rate="1" complexity="4">
              <lines>
                <line number="24" hits="18" branch="False" />
                <line number="25" hits="18" branch="False" />
                <line number="26" hits="18" branch="False" />
                <line number="29" hits="18" branch="True" condition-coverage="100% (4/4)">
                  <conditions>
                    <condition number="19" type="jump" coverage="100%" />
                    <condition number="32" type="jump" coverage="100%" />
                  </conditions>
                </line>
                <line number="30" hits="12" branch="False" />
                <line number="31" hits="12" branch="False" />
                <line number="36" hits="6" branch="False" />
                <line number="37" hits="6" branch="False" />
                <line number="38" hits="6" branch="False" />
                <line number="39" hits="0" branch="False" />
                <line number="40" hits="0" branch="False" />
                <line number="41" hits="0" branch="False" />
                <line number="44" hits="6" branch="False" />
                <line number="45" hits="18" branch="False" />
              </lines>
            </method>
            <method name="CreateRequest" signature="(System.String[])" line-rate="1" branch-rate="1" complexity="2">
              <lines>
                <line number="55" hits="6" branch="False" />
                <line number="57" hits="6" branch="False" />
                <line number="59" hits="6" branch="False" />
                <line number="61" hits="6" branch="False" />
                <line number="62" hits="6" branch="False" />
                <line number="63" hits="6" branch="False" />
                <line number="64" hits="6" branch="False" />
                <line number="65" hits="6" branch="False" />
                <line number="67" hits="6" branch="True" condition-coverage="100% (2/2)">
                  <conditions>
                    <condition number="137" type="jump" coverage="100%" />
                  </conditions>
                </line>
                <line number="68" hits="2" branch="False" />
                <line number="69" hits="2" branch="False" />
                <line number="70" hits="2" branch="False" />
                <line number="72" hits="6" branch="False" />
                <line number="73" hits="6" branch="False" />
              </lines>
            </method>
            <method name=".ctor" signature="(Azure.Identity.CredentialPipeline,System.Uri,System.String,System.String)" line-rate="1" branch-rate="1" complexity="1">
              <lines>
                <line number="47" hits="6" branch="False" />
                <line number="48" hits="6" branch="False" />
                <line number="49" hits="6" branch="False" />
                <line number="50" hits="6" branch="False" />
                <line number="51" hits="6" branch="False" />
                <line number="52" hits="6" branch="False" />
              </lines>
            </method>
          </methods>
          <lines>
            <line number="24" hits="18" branch="False" />
            <line number="25" hits="18" branch="False" />
            <line number="26" hits="18" branch="False" />
            <line number="29" hits="18" branch="True" condition-coverage="100% (4/4)">
              <conditions>
                <condition number="19" type="jump" coverage="100%" />
                <condition number="32" type="jump" coverage="100%" />
              </conditions>
            </line>
            <line number="30" hits="12" branch="False" />
            <line number="31" hits="12" branch="False" />
            <line number="36" hits="6" branch="False" />
            <line number="37" hits="6" branch="False" />
            <line number="38" hits="6" branch="False" />
            <line number="39" hits="0" branch="False" />
            <line number="40" hits="0" branch="False" />
            <line number="41" hits="0" branch="False" />
            <line number="44" hits="6" branch="False" />
            <line number="45" hits="18" branch="False" />
            <line number="55" hits="6" branch="False" />
            <line number="57" hits="6" branch="False" />
            <line number="59" hits="6" branch="False" />
            <line number="61" hits="6" branch="False" />
            <line number="62" hits="6" branch="False" />
            <line number="63" hits="6" branch="False" />
            <line number="64" hits="6" branch="False" />
            <line number="65" hits="6" branch="False" />
            <line number="67" hits="6" branch="True" condition-coverage="100% (2/2)">
              <conditions>
                <condition number="137" type="jump" coverage="100%" />
              </conditions>
            </line>
            <line number="68" hits="2" branch="False" />
            <line number="69" hits="2" branch="False" />
            <line number="70" hits="2" branch="False" />
            <line number="72" hits="6" branch="False" />
            <line number="73" hits="6" branch="False" />
            <line number="47" hits="6" branch="False" />
            <line number="48" hits="6" branch="False" />
            <line number="49" hits="6" branch="False" />
            <line number="50" hits="6" branch="False" />
            <line number="51" hits="6" branch="False" />
            <line number="52" hits="6" branch="False" />
          </lines>
        </class>
        <class name="Azure.Identity.AppServiceV2019ManagedIdentitySource" filename="src\azure-sdk-for-net\sdk\identity\Azure.Identity\src\AppServiceV2019ManagedIdentitySource.cs" line-rate="0" branch-rate="0" complexity="7">
          <methods>
            <method name="TryCreate" signature="(Azure.Identity.CredentialPipeline,System.String)" line-rate="0" branch-rate="0" complexity="4">
              <lines>
                <line number="22" hits="0" branch="False" />
                <line number="23" hits="0" branch="False" />
                <line number="24" hits="0" branch="False" />
                <line number="26" hits="0" branch="True" condition-coverage="0% (0/4)">
                  <conditions>
                    <condition number="19" type="jump" coverage="0%" />
                    <condition number="32" type="jump" coverage="0%" />
                  </conditions>
                </line>
                <line number="27" hits="0" branch="False" />
                <line number="28" hits="0" branch="False" />
                <line number="33" hits="0" branch="False" />
                <line number="34" hits="0" branch="False" />
                <line number="35" hits="0" branch="False" />
                <line number="36" hits="0" branch="False" />
                <line number="37" hits="0" branch="False" />
                <line number="38" hits="0" branch="False" />
                <line number="41" hits="0" branch="False" />
                <line number="42" hits="0" branch="False" />
              </lines>
            </method>
            <method name="CreateRequest" signature="(System.String[])" line-rate="0" branch-rate="0" complexity="2">
              <lines>
                <line number="52" hits="0" branch="False" />
                <line number="54" hits="0" branch="False" />
                <line number="56" hits="0" branch="False" />
                <line number="58" hits="0" branch="False" />
                <line number="59" hits="0" branch="False" />
                <line number="60" hits="0" branch="False" />
                <line number="61" hits="0" branch="False" />
                <line number="62" hits="0" branch="False" />
                <line number="64" hits="0" branch="True" condition-coverage="0% (0/2)">
                  <conditions>
                    <condition number="137" type="jump" coverage="0%" />
                  </conditions>
                </line>
                <line number="65" hits="0" branch="False" />
                <line number="66" hits="0" branch="False" />
                <line number="67" hits="0" branch="False" />
                <line number="69" hits="0" branch="False" />
                <line number="70" hits="0" branch="False" />
              </lines>
            </method>
            <method name=".ctor" signature="(Azure.Identity.CredentialPipeline,System.Uri,System.String,System.String)" line-rate="0" branch-rate="1" complexity="1">
              <lines>
                <line number="44" hits="0" branch="False" />
                <line number="45" hits="0" branch="False" />
                <line number="46" hits="0" branch="False" />
                <line number="47" hits="0" branch="False" />
                <line number="48" hits="0" branch="False" />
                <line number="49" hits="0" branch="False" />
              </lines>
            </method>
          </methods>
          <lines>
            <line number="22" hits="0" branch="False" />
            <line number="23" hits="0" branch="False" />
            <line number="24" hits="0" branch="False" />
            <line number="26" hits="0" branch="True" condition-coverage="0% (0/4)">
              <conditions>
                <condition number="19" type="jump" coverage="0%" />
                <condition number="32" type="jump" coverage="0%" />
              </conditions>
            </line>
            <line number="27" hits="0" branch="False" />
            <line number="28" hits="0" branch="False" />
            <line number="33" hits="0" branch="False" />
            <line number="34" hits="0" branch="False" />
            <line number="35" hits="0" branch="False" />
            <line number="36" hits="0" branch="False" />
            <line number="37" hits="0" branch="False" />
            <line number="38" hits="0" branch="False" />
            <line number="41" hits="0" branch="False" />
            <line number="42" hits="0" branch="False" />
            <line number="52" hits="0" branch="False" />
            <line number="54" hits="0" branch="False" />
            <line number="56" hits="0" branch="False" />
            <line number="58" hits="0" branch="False" />
            <line number="59" hits="0" branch="False" />
            <line number="60" hits="0" branch="False" />
            <line number="61" hits="0" branch="False" />
            <line number="62" hits="0" branch="False" />
            <line number="64" hits="0" branch="True" condition-coverage="0% (0/2)">
              <conditions>
                <condition number="137" type="jump" coverage="0%" />
              </conditions>
            </line>
            <line number="65" hits="0" branch="False" />
            <line number="66" hits="0" branch="False" />
            <line number="67" hits="0" branch="False" />
            <line number="69" hits="0" branch="False" />
            <line number="70" hits="0" branch="False" />
            <line number="44" hits="0" branch="False" />
            <line number="45" hits="0" branch="False" />
            <line number="46" hits="0" branch="False" />
            <line number="47" hits="0" branch="False" />
            <line number="48" hits="0" branch="False" />
            <line number="49" hits="0" branch="False" />
          </lines>
        </class>
        <class name="Azure.Identity.AsyncLockWithValue`1" filename="src\azure-sdk-for-net\sdk\identity\Azure.Identity\src\AsyncLockWithValue.cs" line-rate="0.9333" branch-rate="0.9375" complexity="17">
          <methods>
            <method name="SetValue" signature="(T)" line-rate="1" branch-rate="1" complexity="4">
              <lines>
                <line number="93" hits="136" branch="False" />
                <line number="95" hits="136" branch="False" />
                <line number="96" hits="136" branch="False" />
                <line number="97" hits="136" branch="False" />
                <line number="98" hits="136" branch="False" />
                <line number="99" hits="136" branch="False" />
                <line number="100" hits="136" branch="True" condition-coverage="100% (2/2)">
                  <conditions>
                    <condition number="52" type="jump" coverage="100%" />
                  </conditions>
                </line>
                <line number="101" hits="129" branch="False" />
                <line number="102" hits="129" branch="False" />
                <line number="105" hits="7" branch="False" />
                <line number="106" hits="7" branch="False" />
                <line number="107" hits="7" branch="False" />
                <line number="109" hits="75" branch="True" condition-coverage="100% (2/2)">
                  <conditions>
                    <condition number="120" type="jump" coverage="100%" />
                  </conditions>
                </line>
                <line number="110" hits="68" branch="False" />
                <line number="111" hits="68" branch="False" />
                <line number="112" hits="68" branch="False" />
                <line number="113" hits="136" branch="False" />
              </lines>
            </method>
            <method name="Reset" signature="()" line-rate="0.5714" branch-rate="0.75" complexity="4">
              <lines>
                <line number="119" hits="754" branch="False" />
                <line number="120" hits="754" branch="False" />
                <line number="121" hits="754" branch="True" condition-coverage="75% (3/4)">
                  <conditions>
                    <condition number="42" type="jump" coverage="50%" />
                    <condition number="20" type="jump" coverage="100%" />
                  </conditions>
                </line>
                <line number="122" hits="0" branch="False" />
                <line number="123" hits="0" branch="False" />
                <line number="124" hits="0" branch="False" />
                <line number="125" hits="754" branch="False" />
              </lines>
            </method>
            <method name="UnlockOrGetNextWaiter" signature="()" line-rate="1" branch-rate="1" complexity="8">
              <lines>
                <line number="128" hits="754" branch="False" />
                <line number="129" hits="754" branch="False" />
                <line number="130" hits="754" branch="False" />
                <line number="131" hits="754" branch="True" condition-coverage="100% (2/2)">
                  <conditions>
                    <condition number="31" type="jump" coverage="100%" />
                  </conditions>
                </line>
                <line number="132" hits="132" branch="False" />
                <line number="133" hits="132" branch="False" />
                <line number="136" hits="622" branch="True" condition-coverage="100% (2/2)">
                  <conditions>
                    <condition number="51" type="jump" coverage="100%" />
                  </conditions>
                </line>
                <line number="137" hits="317" branch="False" />
                <line number="138" hits="317" branch="False" />
                <line number="139" hits="317" branch="False" />
                <line number="142" hits="326" branch="True" condition-coverage="100% (2/2)">
                  <conditions>
                    <condition number="127" type="jump" coverage="100%" />
                  </conditions>
                </line>
                <line number="143" hits="322" branch="False" />
                <line number="144" hits="322" branch="False" />
                <line number="145" hits="322" branch="True" condition-coverage="100% (2/2)">
                  <conditions>
                    <condition number="100" type="jump" coverage="100%" />
                  </conditions>
                </line>
                <line number="146" hits="301" branch="False" />
                <line number="148" hits="301" branch="False" />
                <line number="150" hits="21" branch="False" />
                <line number="152" hits="4" branch="False" />
                <line number="153" hits="4" branch="False" />
                <line number="155" hits="754" branch="False" />
              </lines>
            </method>
            <method name=".ctor" signature="()" line-rate="1" branch-rate="1" complexity="1">
              <lines>
                <line number="18" hits="997" branch="False" />
              </lines>
            </method>
          </methods>
          <lines>
            <line number="93" hits="136" branch="False" />
            <line number="95" hits="136" branch="False" />
            <line number="96" hits="136" branch="False" />
            <line number="97" hits="136" branch="False" />
            <line number="98" hits="136" branch="False" />
            <line number="99" hits="136" branch="False" />
            <line number="100" hits="136" branch="True" condition-coverage="100% (2/2)">
              <conditions>
                <condition number="52" type="jump" coverage="100%" />
              </conditions>
            </line>
            <line number="101" hits="129" branch="False" />
            <line number="102" hits="129" branch="False" />
            <line number="105" hits="7" branch="False" />
            <line number="106" hits="7" branch="False" />
            <line number="107" hits="7" branch="False" />
            <line number="109" hits="75" branch="True" condition-coverage="100% (2/2)">
              <conditions>
                <condition number="120" type="jump" coverage="100%" />
              </conditions>
            </line>
            <line number="110" hits="68" branch="False" />
            <line number="111" hits="68" branch="False" />
            <line number="112" hits="68" branch="False" />
            <line number="113" hits="136" branch="False" />
            <line number="119" hits="754" branch="False" />
            <line number="120" hits="754" branch="False" />
            <line number="121" hits="754" branch="True" condition-coverage="75% (3/4)">
              <conditions>
                <condition number="42" type="jump" coverage="50%" />
                <condition number="20" type="jump" coverage="100%" />
              </conditions>
            </line>
            <line number="122" hits="0" branch="False" />
            <line number="123" hits="0" branch="False" />
            <line number="124" hits="0" branch="False" />
            <line number="125" hits="754" branch="False" />
            <line number="128" hits="754" branch="False" />
            <line number="129" hits="754" branch="False" />
            <line number="130" hits="754" branch="False" />
            <line number="131" hits="754" branch="True" condition-coverage="100% (2/2)">
              <conditions>
                <condition number="31" type="jump" coverage="100%" />
              </conditions>
            </line>
            <line number="132" hits="132" branch="False" />
            <line number="133" hits="132" branch="False" />
            <line number="136" hits="622" branch="True" condition-coverage="100% (2/2)">
              <conditions>
                <condition number="51" type="jump" coverage="100%" />
              </conditions>
            </line>
            <line number="137" hits="317" branch="False" />
            <line number="138" hits="317" branch="False" />
            <line number="139" hits="317" branch="False" />
            <line number="142" hits="326" branch="True" condition-coverage="100% (2/2)">
              <conditions>
                <condition number="127" type="jump" coverage="100%" />
              </conditions>
            </line>
            <line number="143" hits="322" branch="False" />
            <line number="144" hits="322" branch="False" />
            <line number="145" hits="322" branch="True" condition-coverage="100% (2/2)">
              <conditions>
                <condition number="100" type="jump" coverage="100%" />
              </conditions>
            </line>
            <line number="146" hits="301" branch="False" />
            <line number="148" hits="301" branch="False" />
            <line number="150" hits="21" branch="False" />
            <line number="152" hits="4" branch="False" />
            <line number="153" hits="4" branch="False" />
            <line number="155" hits="754" branch="False" />
            <line number="18" hits="997" branch="False" />
          </lines>
        </class>
        <class name="Azure.Identity.AsyncLockWithValue`1/Lock" filename="src\azure-sdk-for-net\sdk\identity\Azure.Identity\src\AsyncLockWithValue.cs" line-rate="1" branch-rate="1" complexity="7">
          <methods>
            <method name="get_HasValue" signature="()" line-rate="1" branch-rate="1" complexity="1">
              <lines>
                <line number="160" hits="1024" branch="False" />
              </lines>
            </method>
            <method name="get_Value" signature="()" line-rate="1" branch-rate="1" complexity="1">
              <lines>
                <line number="161" hits="282" branch="False" />
              </lines>
            </method>
            <method name="SetValue" signature="(T)" line-rate="1" branch-rate="1" complexity="1">
              <lines>
                <line number="175" hits="136" branch="False" />
              </lines>
            </method>
            <method name="Dispose" signature="()" line-rate="1" branch-rate="1" complexity="2">
              <lines>
                <line number="177" hits="1034" branch="True" condition-coverage="100% (2/2)">
                  <conditions>
                    <condition number="7" type="jump" coverage="100%" />
                  </conditions>
                </line>
              </lines>
            </method>
            <method name=".ctor" signature="(T)" line-rate="1" branch-rate="1" complexity="1">
              <lines>
                <line number="164" hits="282" branch="False" />
                <line number="165" hits="282" branch="False" />
                <line number="166" hits="282" branch="False" />
                <line number="167" hits="282" branch="False" />
              </lines>
            </method>
            <method name=".ctor" signature="(Azure.Identity.AsyncLockWithValue`1&lt;T&gt;)" line-rate="1" branch-rate="1" complexity="1">
              <lines>
                <line number="170" hits="758" branch="False" />
                <line number="171" hits="758" branch="False" />
                <line number="172" hits="758" branch="False" />
                <line number="173" hits="758" branch="False" />
              </lines>
            </method>
          </methods>
          <lines>
            <line number="160" hits="1024" branch="False" />
            <line number="161" hits="282" branch="False" />
            <line number="175" hits="136" branch="False" />
            <line number="177" hits="1034" branch="True" condition-coverage="100% (2/2)">
              <conditions>
                <condition number="7" type="jump" coverage="100%" />
              </conditions>
            </line>
            <line number="164" hits="282" branch="False" />
            <line number="165" hits="282" branch="False" />
            <line number="166" hits="282" branch="False" />
            <line number="167" hits="282" branch="False" />
            <line number="170" hits="758" branch="False" />
            <line number="171" hits="758" branch="False" />
            <line number="172" hits="758" branch="False" />
            <line number="173" hits="758" branch="False" />
          </lines>
        </class>
        <class name="Azure.Identity.AsyncLockWithValue`1/&lt;GetLockOrValueAsync&gt;d__5" filename="src\azure-sdk-for-net\sdk\identity\Azure.Identity\src\AsyncLockWithValue.cs" line-rate="0.9642000000000001" branch-rate="0.9285" complexity="14">
          <methods>
            <method name="MoveNext" signature="()" line-rate="0.9642000000000001" branch-rate="0.9285" complexity="14">
              <lines>
                <line number="34" hits="1142" branch="False" />
                <line number="36" hits="1142" branch="False" />
                <line number="37" hits="1142" branch="False" />
                <line number="39" hits="1142" branch="True" condition-coverage="100% (2/2)">
                  <conditions>
                    <condition number="74" type="jump" coverage="100%" />
                  </conditions>
                </line>
                <line number="40" hits="214" branch="False" />
                <line number="41" hits="214" branch="False" />
                <line number="45" hits="928" branch="True" condition-coverage="100% (2/2)">
                  <conditions>
                    <condition number="115" type="jump" coverage="100%" />
                  </conditions>
                </line>
                <line number="46" hits="457" branch="False" />
                <line number="47" hits="457" branch="False" />
                <line number="48" hits="457" branch="False" />
                <line number="52" hits="471" branch="False" />
                <line number="55" hits="390" branch="True" condition-coverage="100% (2/2)">
                  <conditions>
                    <condition number="170" type="jump" coverage="100%" />
                  </conditions>
                </line>
                <line number="57" hits="390" branch="True" condition-coverage="100% (2/2)">
                  <conditions>
                    <condition number="195" type="jump" coverage="100%" />
                  </conditions>
                </line>
                <line number="58" hits="390" branch="False" />
                <line number="59" hits="390" branch="False" />
                <line number="62" hits="390" branch="False" />
                <line number="63" hits="390" branch="True" condition-coverage="100% (2/2)">
                  <conditions>
                    <condition number="289" type="jump" coverage="100%" />
                  </conditions>
                </line>
                <line number="64" hits="174" branch="False" />
                <line number="65" hits="174" branch="True" condition-coverage="100% (2/2)">
                  <conditions>
                    <condition number="335" type="jump" coverage="100%" />
                  </conditions>
                </line>
                <line number="70" hits="216" branch="False" />
                <line number="71" hits="202" branch="False" />
                <line number="75" hits="21" branch="False" />
                <line number="76" hits="21" branch="False" />
                <line number="79" hits="21" branch="True" condition-coverage="50% (1/2)">
                  <conditions>
                    <condition number="494" type="jump" coverage="50%" />
                  </conditions>
                </line>
                <line number="80" hits="21" branch="False" />
                <line number="81" hits="21" branch="False" />
                <line number="84" hits="0" branch="False" />
                <line number="86" hits="1040" branch="False" />
              </lines>
            </method>
          </methods>
          <lines>
            <line number="34" hits="1142" branch="False" />
            <line number="36" hits="1142" branch="False" />
            <line number="37" hits="1142" branch="False" />
            <line number="39" hits="1142" branch="True" condition-coverage="100% (2/2)">
              <conditions>
                <condition number="74" type="jump" coverage="100%" />
              </conditions>
            </line>
            <line number="40" hits="214" branch="False" />
            <line number="41" hits="214" branch="False" />
            <line number="45" hits="928" branch="True" condition-coverage="100% (2/2)">
              <conditions>
                <condition number="115" type="jump" coverage="100%" />
              </conditions>
            </line>
            <line number="46" hits="457" branch="False" />
            <line number="47" hits="457" branch="False" />
            <line number="48" hits="457" branch="False" />
            <line number="52" hits="471" branch="False" />
            <line number="55" hits="390" branch="True" condition-coverage="100% (2/2)">
              <conditions>
                <condition number="170" type="jump" coverage="100%" />
              </conditions>
            </line>
            <line number="57" hits="390" branch="True" condition-coverage="100% (2/2)">
              <conditions>
                <condition number="195" type="jump" coverage="100%" />
              </conditions>
            </line>
            <line number="58" hits="390" branch="False" />
            <line number="59" hits="390" branch="False" />
            <line number="62" hits="390" branch="False" />
            <line number="63" hits="390" branch="True" condition-coverage="100% (2/2)">
              <conditions>
                <condition number="289" type="jump" coverage="100%" />
              </conditions>
            </line>
            <line number="64" hits="174" branch="False" />
            <line number="65" hits="174" branch="True" condition-coverage="100% (2/2)">
              <conditions>
                <condition number="335" type="jump" coverage="100%" />
              </conditions>
            </line>
            <line number="70" hits="216" branch="False" />
            <line number="71" hits="202" branch="False" />
            <line number="75" hits="21" branch="False" />
            <line number="76" hits="21" branch="False" />
            <line number="79" hits="21" branch="True" condition-coverage="50% (1/2)">
              <conditions>
                <condition number="494" type="jump" coverage="50%" />
              </conditions>
            </line>
            <line number="80" hits="21" branch="False" />
            <line number="81" hits="21" branch="False" />
            <line number="84" hits="0" branch="False" />
            <line number="86" hits="1040" branch="False" />
          </lines>
        </class>
        <class name="Azure.Identity.AuthenticationAccount" filename="src\azure-sdk-for-net\sdk\identity\Azure.Identity\src\AuthenticationAccount.cs" line-rate="0.8887999999999999" branch-rate="1" complexity="6">
          <methods>
            <method name="Microsoft.Identity.Client.IAccount.get_Username" signature="()" line-rate="1" branch-rate="1" complexity="1">
              <lines>
                <line number="16" hits="7" branch="False" />
              </lines>
            </method>
            <method name="Microsoft.Identity.Client.IAccount.get_Environment" signature="()" line-rate="1" branch-rate="1" complexity="1">
              <lines>
                <line number="18" hits="5" branch="False" />
              </lines>
            </method>
            <method name="Microsoft.Identity.Client.IAccount.get_HomeAccountId" signature="()" line-rate="1" branch-rate="1" complexity="1">
              <lines>
                <line number="20" hits="35" branch="False" />
              </lines>
            </method>
            <method name="op_Explicit" signature="(Azure.Identity.AuthenticationRecord)" line-rate="1" branch-rate="1" complexity="1">
              <lines>
                <line number="22" hits="5" branch="False" />
              </lines>
            </method>
            <method name="op_Explicit" signature="(Azure.Identity.AuthenticationAccount)" line-rate="0" branch-rate="1" complexity="1">
              <lines>
                <line number="23" hits="0" branch="False" />
              </lines>
            </method>
            <method name=".ctor" signature="(Azure.Identity.AuthenticationRecord)" line-rate="1" branch-rate="1" complexity="1">
              <lines>
                <line number="11" hits="7" branch="False" />
                <line number="12" hits="7" branch="False" />
                <line number="13" hits="7" branch="False" />
                <line number="14" hits="7" branch="False" />
              </lines>
            </method>
          </methods>
          <lines>
            <line number="16" hits="7" branch="False" />
            <line number="18" hits="5" branch="False" />
            <line number="20" hits="35" branch="False" />
            <line number="22" hits="5" branch="False" />
            <line number="23" hits="0" branch="False" />
            <line number="11" hits="7" branch="False" />
            <line number="12" hits="7" branch="False" />
            <line number="13" hits="7" branch="False" />
            <line number="14" hits="7" branch="False" />
          </lines>
        </class>
        <class name="Azure.Identity.AuthenticationFailedException" filename="src\azure-sdk-for-net\sdk\identity\Azure.Identity\src\AuthenticationFailedException.cs" line-rate="1" branch-rate="1" complexity="2">
          <methods>
            <method name=".ctor" signature="(System.String)" line-rate="1" branch-rate="1" complexity="1">
              <lines>
                <line number="21" hits="6" branch="False" />
                <line number="22" hits="6" branch="False" />
                <line number="23" hits="6" branch="False" />
              </lines>
            </method>
            <method name=".ctor" signature="(System.String,System.Exception)" line-rate="1" branch-rate="1" complexity="1">
              <lines>
                <line number="31" hits="1478" branch="False" />
                <line number="32" hits="1478" branch="False" />
                <line number="33" hits="1478" branch="False" />
              </lines>
            </method>
          </methods>
          <lines>
            <line number="21" hits="6" branch="False" />
            <line number="22" hits="6" branch="False" />
            <line number="23" hits="6" branch="False" />
            <line number="31" hits="1478" branch="False" />
            <line number="32" hits="1478" branch="False" />
            <line number="33" hits="1478" branch="False" />
          </lines>
        </class>
        <class name="Azure.Identity.AuthenticationRecord" filename="src\azure-sdk-for-net\sdk\identity\Azure.Identity\src\AuthenticationRecord.cs" line-rate="1" branch-rate="1" complexity="16">
          <methods>
            <method name="get_Username" signature="()" line-rate="1" branch-rate="1" complexity="1">
              <lines>
                <line number="57" hits="49" branch="False" />
              </lines>
            </method>
            <method name="get_Authority" signature="()" line-rate="1" branch-rate="1" complexity="1">
              <lines>
                <line number="62" hits="43" branch="False" />
              </lines>
            </method>
            <method name="get_HomeAccountId" signature="()" line-rate="1" branch-rate="1" complexity="1">
              <lines>
                <line number="67" hits="7" branch="False" />
              </lines>
            </method>
            <method name="get_TenantId" signature="()" line-rate="1" branch-rate="1" complexity="1">
              <lines>
                <line number="72" hits="42" branch="False" />
              </lines>
            </method>
            <method name="get_ClientId" signature="()" line-rate="1" branch-rate="1" complexity="1">
              <lines>
                <line number="77" hits="38" branch="False" />
              </lines>
            </method>
            <method name="get_AccountId" signature="()" line-rate="1" branch-rate="1" complexity="1">
              <lines>
                <line number="79" hits="73" branch="False" />
              </lines>
            </method>
            <method name="Serialize" signature="(System.IO.Stream,System.Threading.CancellationToken)" line-rate="1" branch-rate="1" complexity="2">
              <lines>
                <line number="87" hits="2" branch="False" />
                <line number="88" hits="3" branch="True" condition-coverage="100% (2/2)">
                  <conditions>
                    <condition number="7" type="jump" coverage="100%" />
                  </conditions>
                </line>
                <line number="90" hits="1" branch="False" />
                <line number="91" hits="1" branch="False" />
              </lines>
            </method>
            <method name="Deserialize" signature="(System.IO.Stream,System.Threading.CancellationToken)" line-rate="1" branch-rate="1" complexity="2">
              <lines>
                <line number="111" hits="2" branch="False" />
                <line number="112" hits="3" branch="True" condition-coverage="100% (2/2)">
                  <conditions>
                    <condition number="7" type="jump" coverage="100%" />
                  </conditions>
                </line>
                <line number="114" hits="1" branch="False" />
                <line number="115" hits="1" branch="False" />
              </lines>
            </method>
            <method name="BuildAccountIdFromString" signature="(System.String)" line-rate="1" branch-rate="1" complexity="2">
              <lines>
                <line number="190" hits="9" branch="False" />
                <line number="193" hits="9" branch="False" />
                <line number="195" hits="9" branch="True" condition-coverage="100% (2/2)">
                  <conditions>
                    <condition number="27" type="jump" coverage="100%" />
                  </conditions>
                </line>
                <line number="196" hits="5" branch="False" />
                <line number="197" hits="5" branch="False" />
                <line number="198" hits="5" branch="False" />
                <line number="200" hits="4" branch="False" />
                <line number="201" hits="4" branch="False" />
                <line number="202" hits="4" branch="False" />
                <line number="203" hits="9" branch="False" />
                <line number="204" hits="9" branch="False" />
              </lines>
            </method>
            <method name=".ctor" signature="()" line-rate="1" branch-rate="1" complexity="1">
              <lines>
                <line number="32" hits="5" branch="False" />
                <line number="33" hits="5" branch="False" />
                <line number="34" hits="5" branch="False" />
              </lines>
            </method>
            <method name=".ctor" signature="(Microsoft.Identity.Client.AuthenticationResult,System.String)" line-rate="1" branch-rate="1" complexity="1">
              <lines>
                <line number="36" hits="22" branch="False" />
                <line number="37" hits="22" branch="False" />
                <line number="38" hits="22" branch="False" />
                <line number="39" hits="22" branch="False" />
                <line number="40" hits="22" branch="False" />
                <line number="41" hits="22" branch="False" />
                <line number="42" hits="22" branch="False" />
                <line number="43" hits="22" branch="False" />
              </lines>
            </method>
            <method name=".ctor" signature="(System.String,System.String,System.String,System.String,System.String)" line-rate="1" branch-rate="1" complexity="1">
              <lines>
                <line number="45" hits="7" branch="False" />
                <line number="46" hits="7" branch="False" />
                <line number="47" hits="7" branch="False" />
                <line number="48" hits="7" branch="False" />
                <line number="49" hits="7" branch="False" />
                <line number="50" hits="7" branch="False" />
                <line number="51" hits="7" branch="False" />
                <line number="52" hits="7" branch="False" />
              </lines>
            </method>
            <method name=".cctor" signature="()" line-rate="1" branch-rate="1" complexity="1">
              <lines>
                <line number="26" hits="1" branch="False" />
                <line number="27" hits="1" branch="False" />
                <line number="28" hits="1" branch="False" />
                <line number="29" hits="1" branch="False" />
                <line number="30" hits="1" branch="False" />
              </lines>
            </method>
          </methods>
          <lines>
            <line number="57" hits="49" branch="False" />
            <line number="62" hits="43" branch="False" />
            <line number="67" hits="7" branch="False" />
            <line number="72" hits="42" branch="False" />
            <line number="77" hits="38" branch="False" />
            <line number="79" hits="73" branch="False" />
            <line number="87" hits="2" branch="False" />
            <line number="88" hits="3" branch="True" condition-coverage="100% (2/2)">
              <conditions>
                <condition number="7" type="jump" coverage="100%" />
              </conditions>
            </line>
            <line number="90" hits="1" branch="False" />
            <line number="91" hits="1" branch="False" />
            <line number="111" hits="2" branch="False" />
            <line number="112" hits="3" branch="True" condition-coverage="100% (2/2)">
              <conditions>
                <condition number="7" type="jump" coverage="100%" />
              </conditions>
            </line>
            <line number="114" hits="1" branch="False" />
            <line number="115" hits="1" branch="False" />
            <line number="190" hits="9" branch="False" />
            <line number="193" hits="9" branch="False" />
            <line number="195" hits="9" branch="True" condition-coverage="100% (2/2)">
              <conditions>
                <condition number="27" type="jump" coverage="100%" />
              </conditions>
            </line>
            <line number="196" hits="5" branch="False" />
            <line number="197" hits="5" branch="False" />
            <line number="198" hits="5" branch="False" />
            <line number="200" hits="4" branch="False" />
            <line number="201" hits="4" branch="False" />
            <line number="202" hits="4" branch="False" />
            <line number="203" hits="9" branch="False" />
            <line number="204" hits="9" branch="False" />
            <line number="32" hits="5" branch="False" />
            <line number="33" hits="5" branch="False" />
            <line number="34" hits="5" branch="False" />
            <line number="36" hits="22" branch="False" />
            <line number="37" hits="22" branch="False" />
            <line number="38" hits="22" branch="False" />
            <line number="39" hits="22" branch="False" />
            <line number="40" hits="22" branch="False" />
            <line number="41" hits="22" branch="False" />
            <line number="42" hits="22" branch="False" />
            <line number="43" hits="22" branch="False" />
            <line number="45" hits="7" branch="False" />
            <line number="46" hits="7" branch="False" />
            <line number="47" hits="7" branch="False" />
            <line number="48" hits="7" branch="False" />
            <line number="49" hits="7" branch="False" />
            <line number="50" hits="7" branch="False" />
            <line number="51" hits="7" branch="False" />
            <line number="52" hits="7" branch="False" />
            <line number="26" hits="1" branch="False" />
            <line number="27" hits="1" branch="False" />
            <line number="28" hits="1" branch="False" />
            <line number="29" hits="1" branch="False" />
            <line number="30" hits="1" branch="False" />
          </lines>
        </class>
        <class name="Azure.Identity.AuthenticationRecord/&lt;SerializeAsync&gt;d__36" filename="src\azure-sdk-for-net\sdk\identity\Azure.Identity\src\AuthenticationRecord.cs" line-rate="1" branch-rate="1" complexity="2">
          <methods>
            <method name="MoveNext" signature="()" line-rate="1" branch-rate="1" complexity="2">
              <lines>
                <line number="99" hits="3" branch="False" />
                <line number="100" hits="4" branch="True" condition-coverage="100% (2/2)">
                  <conditions>
                    <condition number="26" type="jump" coverage="100%" />
                  </conditions>
                </line>
                <line number="102" hits="2" branch="False" />
                <line number="103" hits="1" branch="False" />
              </lines>
            </method>
          </methods>
          <lines>
            <line number="99" hits="3" branch="False" />
            <line number="100" hits="4" branch="True" condition-coverage="100% (2/2)">
              <conditions>
                <condition number="26" type="jump" coverage="100%" />
              </conditions>
            </line>
            <line number="102" hits="2" branch="False" />
            <line number="103" hits="1" branch="False" />
          </lines>
        </class>
        <class name="Azure.Identity.AuthenticationRecord/&lt;DeserializeAsync&gt;d__38" filename="src\azure-sdk-for-net\sdk\identity\Azure.Identity\src\AuthenticationRecord.cs" line-rate="1" branch-rate="1" complexity="2">
          <methods>
            <method name="MoveNext" signature="()" line-rate="1" branch-rate="1" complexity="2">
              <lines>
                <line number="123" hits="3" branch="False" />
                <line number="124" hits="4" branch="True" condition-coverage="100% (2/2)">
                  <conditions>
                    <condition number="26" type="jump" coverage="100%" />
                  </conditions>
                </line>
                <line number="126" hits="2" branch="False" />
                <line number="127" hits="1" branch="False" />
              </lines>
            </method>
          </methods>
          <lines>
            <line number="123" hits="3" branch="False" />
            <line number="124" hits="4" branch="True" condition-coverage="100% (2/2)">
              <conditions>
                <condition number="26" type="jump" coverage="100%" />
              </conditions>
            </line>
            <line number="126" hits="2" branch="False" />
            <line number="127" hits="1" branch="False" />
          </lines>
        </class>
        <class name="Azure.Identity.AuthenticationRecord/&lt;SerializeAsync&gt;d__39" filename="src\azure-sdk-for-net\sdk\identity\Azure.Identity\src\AuthenticationRecord.cs" line-rate="1" branch-rate="1" complexity="2">
          <methods>
            <method name="MoveNext" signature="()" line-rate="1" branch-rate="1" complexity="2">
              <lines>
                <line number="130" hits="3" branch="False" />
                <line number="131" hits="3" branch="False" />
                <line number="132" hits="3" branch="False" />
                <line number="133" hits="3" branch="False" />
                <line number="135" hits="3" branch="False" />
                <line number="137" hits="3" branch="False" />
                <line number="139" hits="3" branch="False" />
                <line number="141" hits="3" branch="False" />
                <line number="143" hits="3" branch="False" />
                <line number="145" hits="3" branch="False" />
                <line number="147" hits="3" branch="True" condition-coverage="100% (2/2)">
                  <conditions>
                    <condition number="225" type="jump" coverage="100%" />
                  </conditions>
                </line>
                <line number="148" hits="2" branch="False" />
                <line number="149" hits="2" branch="False" />
                <line number="150" hits="1" branch="False" />
                <line number="152" hits="1" branch="False" />
                <line number="153" hits="1" branch="False" />
                <line number="154" hits="1" branch="False" />
                <line number="155" hits="2" branch="False" />
                <line number="156" hits="2" branch="False" />
              </lines>
            </method>
          </methods>
          <lines>
            <line number="130" hits="3" branch="False" />
            <line number="131" hits="3" branch="False" />
            <line number="132" hits="3" branch="False" />
            <line number="133" hits="3" branch="False" />
            <line number="135" hits="3" branch="False" />
            <line number="137" hits="3" branch="False" />
            <line number="139" hits="3" branch="False" />
            <line number="141" hits="3" branch="False" />
            <line number="143" hits="3" branch="False" />
            <line number="145" hits="3" branch="False" />
            <line number="147" hits="3" branch="True" condition-coverage="100% (2/2)">
              <conditions>
                <condition number="225" type="jump" coverage="100%" />
              </conditions>
            </line>
            <line number="148" hits="2" branch="False" />
            <line number="149" hits="2" branch="False" />
            <line number="150" hits="1" branch="False" />
            <line number="152" hits="1" branch="False" />
            <line number="153" hits="1" branch="False" />
            <line number="154" hits="1" branch="False" />
            <line number="155" hits="2" branch="False" />
            <line number="156" hits="2" branch="False" />
          </lines>
        </class>
        <class name="Azure.Identity.AuthenticationRecord/&lt;DeserializeAsync&gt;d__40" filename="src\azure-sdk-for-net\sdk\identity\Azure.Identity\src\AuthenticationRecord.cs" line-rate="1" branch-rate="1" complexity="14">
          <methods>
            <method name="MoveNext" signature="()" line-rate="1" branch-rate="1" complexity="14">
              <lines>
                <line number="159" hits="3" branch="False" />
                <line number="160" hits="3" branch="False" />
                <line number="162" hits="3" branch="True" condition-coverage="100% (2/2)">
                  <conditions>
                    <condition number="32" type="jump" coverage="100%" />
                  </conditions>
                </line>
                <line number="164" hits="26" branch="True" condition-coverage="100% (2/2)">
                  <conditions>
                    <condition number="613" type="jump" coverage="100%" />
                  </conditions>
                </line>
                <line number="165" hits="10" branch="False" />
                <line number="166" hits="10" branch="True" condition-coverage="100% (10/10)">
                  <conditions>
                    <condition number="335" type="jump" coverage="100%" />
                    <condition number="349" type="jump" coverage="100%" />
                    <condition number="363" type="jump" coverage="100%" />
                    <condition number="377" type="jump" coverage="100%" />
                    <condition number="394" type="jump" coverage="100%" />
                  </conditions>
                </line>
                <line number="169" hits="2" branch="False" />
                <line number="170" hits="2" branch="False" />
                <line number="172" hits="2" branch="False" />
                <line number="173" hits="2" branch="False" />
                <line number="175" hits="2" branch="False" />
                <line number="176" hits="2" branch="False" />
                <line number="178" hits="2" branch="False" />
                <line number="179" hits="2" branch="False" />
                <line number="181" hits="2" branch="False" />
                <line number="182" hits="2" branch="False" />
                <line number="184" hits="10" branch="False" />
                <line number="186" hits="2" branch="False" />
                <line number="187" hits="2" branch="False" />
              </lines>
            </method>
          </methods>
          <lines>
            <line number="159" hits="3" branch="False" />
            <line number="160" hits="3" branch="False" />
            <line number="162" hits="3" branch="True" condition-coverage="100% (2/2)">
              <conditions>
                <condition number="32" type="jump" coverage="100%" />
              </conditions>
            </line>
            <line number="164" hits="26" branch="True" condition-coverage="100% (2/2)">
              <conditions>
                <condition number="613" type="jump" coverage="100%" />
              </conditions>
            </line>
            <line number="165" hits="10" branch="False" />
            <line number="166" hits="10" branch="True" condition-coverage="100% (10/10)">
              <conditions>
                <condition number="335" type="jump" coverage="100%" />
                <condition number="349" type="jump" coverage="100%" />
                <condition number="363" type="jump" coverage="100%" />
                <condition number="377" type="jump" coverage="100%" />
                <condition number="394" type="jump" coverage="100%" />
              </conditions>
            </line>
            <line number="169" hits="2" branch="False" />
            <line number="170" hits="2" branch="False" />
            <line number="172" hits="2" branch="False" />
            <line number="173" hits="2" branch="False" />
            <line number="175" hits="2" branch="False" />
            <line number="176" hits="2" branch="False" />
            <line number="178" hits="2" branch="False" />
            <line number="179" hits="2" branch="False" />
            <line number="181" hits="2" branch="False" />
            <line number="182" hits="2" branch="False" />
            <line number="184" hits="10" branch="False" />
            <line number="186" hits="2" branch="False" />
            <line number="187" hits="2" branch="False" />
          </lines>
        </class>
        <class name="Azure.Identity.AuthenticationRequiredException" filename="src\azure-sdk-for-net\sdk\identity\Azure.Identity\src\AuthenticationRequiredException.cs" line-rate="0.625" branch-rate="1" complexity="3">
          <methods>
            <method name="get_TokenRequestContext" signature="()" line-rate="1" branch-rate="1" complexity="1">
              <lines>
                <line number="39" hits="4" branch="False" />
              </lines>
            </method>
            <method name=".ctor" signature="(System.String,Azure.Core.TokenRequestContext)" line-rate="0" branch-rate="1" complexity="1">
              <lines>
                <line number="20" hits="0" branch="False" />
                <line number="21" hits="0" branch="False" />
                <line number="22" hits="0" branch="False" />
              </lines>
            </method>
            <method name=".ctor" signature="(System.String,Azure.Core.TokenRequestContext,System.Exception)" line-rate="1" branch-rate="1" complexity="1">
              <lines>
                <line number="31" hits="4" branch="False" />
                <line number="32" hits="4" branch="False" />
                <line number="33" hits="4" branch="False" />
                <line number="34" hits="4" branch="False" />
              </lines>
            </method>
          </methods>
          <lines>
            <line number="39" hits="4" branch="False" />
            <line number="20" hits="0" branch="False" />
            <line number="21" hits="0" branch="False" />
            <line number="22" hits="0" branch="False" />
            <line number="31" hits="4" branch="False" />
            <line number="32" hits="4" branch="False" />
            <line number="33" hits="4" branch="False" />
            <line number="34" hits="4" branch="False" />
          </lines>
        </class>
        <class name="Azure.Identity.AuthorizationCodeCredential" filename="src\azure-sdk-for-net\sdk\identity\Azure.Identity\src\AuthorizationCodeCredential.cs" line-rate="0.85" branch-rate="0.5" complexity="11">
          <methods>
            <method name="GetToken" signature="(Azure.Core.TokenRequestContext,System.Threading.CancellationToken)" line-rate="1" branch-rate="1" complexity="1">
              <lines>
                <line number="83" hits="2" branch="False" />
                <line number="84" hits="2" branch="False" />
                <line number="85" hits="2" branch="False" />
              </lines>
            </method>
            <method name=".ctor" signature="()" line-rate="1" branch-rate="1" complexity="1">
              <lines>
                <line number="31" hits="2" branch="False" />
                <line number="32" hits="2" branch="False" />
                <line number="33" hits="2" branch="False" />
              </lines>
            </method>
            <method name=".ctor" signature="(System.String,System.String,System.String,System.String)" line-rate="0.3333" branch-rate="1" complexity="1">
              <lines>
                <line number="44" hits="3" branch="False" />
                <line number="45" hits="0" branch="False" />
                <line number="46" hits="0" branch="False" />
              </lines>
            </method>
            <method name=".ctor" signature="(System.String,System.String,System.String,System.String,Azure.Identity.TokenCredentialOptions)" line-rate="0.909" branch-rate="0.5" complexity="8">
              <lines>
                <line number="57" hits="8" branch="False" />
                <line number="58" hits="8" branch="False" />
                <line number="59" hits="8" branch="False" />
                <line number="61" hits="0" branch="True" condition-coverage="50% (1/2)">
                  <conditions>
                    <condition number="27" type="jump" coverage="50%" />
                  </conditions>
                </line>
                <line number="63" hits="2" branch="True" condition-coverage="50% (1/2)">
                  <conditions>
                    <condition number="43" type="jump" coverage="50%" />
                  </conditions>
                </line>
                <line number="65" hits="2" branch="True" condition-coverage="50% (1/2)">
                  <conditions>
                    <condition number="66" type="jump" coverage="50%" />
                  </conditions>
                </line>
                <line number="67" hits="2" branch="True" condition-coverage="50% (1/2)">
                  <conditions>
                    <condition number="87" type="jump" coverage="50%" />
                  </conditions>
                </line>
                <line number="69" hits="2" branch="False" />
                <line number="71" hits="2" branch="False" />
                <line number="73" hits="2" branch="False" />
                <line number="74" hits="2" branch="False" />
              </lines>
            </method>
          </methods>
          <lines>
            <line number="83" hits="2" branch="False" />
            <line number="84" hits="2" branch="False" />
            <line number="85" hits="2" branch="False" />
            <line number="31" hits="2" branch="False" />
            <line number="32" hits="2" branch="False" />
            <line number="33" hits="2" branch="False" />
            <line number="44" hits="3" branch="False" />
            <line number="45" hits="0" branch="False" />
            <line number="46" hits="0" branch="False" />
            <line number="57" hits="8" branch="False" />
            <line number="58" hits="8" branch="False" />
            <line number="59" hits="8" branch="False" />
            <line number="61" hits="0" branch="True" condition-coverage="50% (1/2)">
              <conditions>
                <condition number="27" type="jump" coverage="50%" />
              </conditions>
            </line>
            <line number="63" hits="2" branch="True" condition-coverage="50% (1/2)">
              <conditions>
                <condition number="43" type="jump" coverage="50%" />
              </conditions>
            </line>
            <line number="65" hits="2" branch="True" condition-coverage="50% (1/2)">
              <conditions>
                <condition number="66" type="jump" coverage="50%" />
              </conditions>
            </line>
            <line number="67" hits="2" branch="True" condition-coverage="50% (1/2)">
              <conditions>
                <condition number="87" type="jump" coverage="50%" />
              </conditions>
            </line>
            <line number="69" hits="2" branch="False" />
            <line number="71" hits="2" branch="False" />
            <line number="73" hits="2" branch="False" />
            <line number="74" hits="2" branch="False" />
          </lines>
        </class>
        <class name="Azure.Identity.AuthorizationCodeCredential/&lt;GetTokenAsync&gt;d__10" filename="src\azure-sdk-for-net\sdk\identity\Azure.Identity\src\AuthorizationCodeCredential.cs" line-rate="1" branch-rate="1" complexity="1">
          <methods>
            <method name="MoveNext" signature="()" line-rate="1" branch-rate="1" complexity="1">
              <lines>
                <line number="94" hits="2" branch="False" />
                <line number="95" hits="2" branch="False" />
                <line number="96" hits="2" branch="False" />
              </lines>
            </method>
          </methods>
          <lines>
            <line number="94" hits="2" branch="False" />
            <line number="95" hits="2" branch="False" />
            <line number="96" hits="2" branch="False" />
          </lines>
        </class>
        <class name="Azure.Identity.AuthorizationCodeCredential/&lt;GetTokenImplAsync&gt;d__11" filename="src\azure-sdk-for-net\sdk\identity\Azure.Identity\src\AuthorizationCodeCredential.cs" line-rate="0.8421" branch-rate="1" complexity="2">
          <methods>
            <method name="MoveNext" signature="()" line-rate="0.8421" branch-rate="1" complexity="2">
              <lines>
                <line number="99" hits="4" branch="False" />
                <line number="100" hits="4" branch="False" />
                <line number="103" hits="4" branch="False" />
                <line number="104" hits="4" branch="False" />
                <line number="106" hits="4" branch="True" condition-coverage="100% (2/2)">
                  <conditions>
                    <condition number="109" type="jump" coverage="100%" />
                  </conditions>
                </line>
                <line number="107" hits="2" branch="False" />
                <line number="108" hits="2" branch="False" />
                <line number="110" hits="2" branch="False" />
                <line number="112" hits="2" branch="False" />
                <line number="113" hits="2" branch="False" />
                <line number="115" hits="2" branch="False" />
                <line number="116" hits="2" branch="False" />
                <line number="118" hits="2" branch="False" />
                <line number="119" hits="2" branch="False" />
                <line number="121" hits="4" branch="False" />
                <line number="123" hits="0" branch="False" />
                <line number="124" hits="0" branch="False" />
                <line number="125" hits="0" branch="False" />
                <line number="127" hits="4" branch="False" />
              </lines>
            </method>
          </methods>
          <lines>
            <line number="99" hits="4" branch="False" />
            <line number="100" hits="4" branch="False" />
            <line number="103" hits="4" branch="False" />
            <line number="104" hits="4" branch="False" />
            <line number="106" hits="4" branch="True" condition-coverage="100% (2/2)">
              <conditions>
                <condition number="109" type="jump" coverage="100%" />
              </conditions>
            </line>
            <line number="107" hits="2" branch="False" />
            <line number="108" hits="2" branch="False" />
            <line number="110" hits="2" branch="False" />
            <line number="112" hits="2" branch="False" />
            <line number="113" hits="2" branch="False" />
            <line number="115" hits="2" branch="False" />
            <line number="116" hits="2" branch="False" />
            <line number="118" hits="2" branch="False" />
            <line number="119" hits="2" branch="False" />
            <line number="121" hits="4" branch="False" />
            <line number="123" hits="0" branch="False" />
            <line number="124" hits="0" branch="False" />
            <line number="125" hits="0" branch="False" />
            <line number="127" hits="4" branch="False" />
          </lines>
        </class>
        <class name="Azure.Identity.AzureArcManagedIdentitySource" filename="src\azure-sdk-for-net\sdk\identity\Azure.Identity\src\AzureArcManagedIdentitySource.cs" line-rate="0.9309999999999999" branch-rate="0.75" complexity="9">
          <methods>
            <method name="TryCreate" signature="(Azure.Identity.ManagedIdentityClientOptions)" line-rate="0.8181" branch-rate="0.6666" complexity="6">
              <lines>
                <line number="25" hits="8" branch="False" />
                <line number="26" hits="8" branch="False" />
                <line number="27" hits="8" branch="False" />
                <line number="30" hits="8" branch="True" condition-coverage="75% (3/4)">
                  <conditions>
                    <condition number="19" type="jump" coverage="50%" />
                    <condition number="32" type="jump" coverage="100%" />
                  </conditions>
                </line>
                <line number="31" hits="4" branch="False" />
                <line number="32" hits="4" branch="False" />
                <line number="35" hits="4" branch="True" condition-coverage="50% (1/2)">
                  <conditions>
                    <condition number="56" type="jump" coverage="50%" />
                  </conditions>
                </line>
                <line number="36" hits="0" branch="False" />
                <line number="37" hits="0" branch="False" />
                <line number="40" hits="4" branch="False" />
                <line number="41" hits="8" branch="False" />
              </lines>
            </method>
            <method name="CreateRequest" signature="(System.String[])" line-rate="1" branch-rate="1" complexity="2">
              <lines>
                <line number="50" hits="6" branch="False" />
                <line number="52" hits="6" branch="True" condition-coverage="100% (2/2)">
                  <conditions>
                    <condition number="17" type="jump" coverage="100%" />
                  </conditions>
                </line>
                <line number="53" hits="2" branch="False" />
                <line number="54" hits="2" branch="False" />
                <line number="58" hits="4" branch="False" />
                <line number="59" hits="4" branch="False" />
                <line number="60" hits="4" branch="False" />
                <line number="61" hits="4" branch="False" />
                <line number="63" hits="4" branch="False" />
                <line number="64" hits="4" branch="False" />
                <line number="66" hits="4" branch="False" />
                <line number="68" hits="4" branch="False" />
                <line number="69" hits="4" branch="False" />
              </lines>
            </method>
            <method name=".ctor" signature="(Azure.Identity.CredentialPipeline,System.Uri,System.String)" line-rate="1" branch-rate="1" complexity="1">
              <lines>
                <line number="43" hits="4" branch="False" />
                <line number="44" hits="4" branch="False" />
                <line number="45" hits="4" branch="False" />
                <line number="46" hits="4" branch="False" />
                <line number="47" hits="4" branch="False" />
              </lines>
            </method>
          </methods>
          <lines>
            <line number="25" hits="8" branch="False" />
            <line number="26" hits="8" branch="False" />
            <line number="27" hits="8" branch="False" />
            <line number="30" hits="8" branch="True" condition-coverage="75% (3/4)">
              <conditions>
                <condition number="19" type="jump" coverage="50%" />
                <condition number="32" type="jump" coverage="100%" />
              </conditions>
            </line>
            <line number="31" hits="4" branch="False" />
            <line number="32" hits="4" branch="False" />
            <line number="35" hits="4" branch="True" condition-coverage="50% (1/2)">
              <conditions>
                <condition number="56" type="jump" coverage="50%" />
              </conditions>
            </line>
            <line number="36" hits="0" branch="False" />
            <line number="37" hits="0" branch="False" />
            <line number="40" hits="4" branch="False" />
            <line number="41" hits="8" branch="False" />
            <line number="50" hits="6" branch="False" />
            <line number="52" hits="6" branch="True" condition-coverage="100% (2/2)">
              <conditions>
                <condition number="17" type="jump" coverage="100%" />
              </conditions>
            </line>
            <line number="53" hits="2" branch="False" />
            <line number="54" hits="2" branch="False" />
            <line number="58" hits="4" branch="False" />
            <line number="59" hits="4" branch="False" />
            <line number="60" hits="4" branch="False" />
            <line number="61" hits="4" branch="False" />
            <line number="63" hits="4" branch="False" />
            <line number="64" hits="4" branch="False" />
            <line number="66" hits="4" branch="False" />
            <line number="68" hits="4" branch="False" />
            <line number="69" hits="4" branch="False" />
            <line number="43" hits="4" branch="False" />
            <line number="44" hits="4" branch="False" />
            <line number="45" hits="4" branch="False" />
            <line number="46" hits="4" branch="False" />
            <line number="47" hits="4" branch="False" />
          </lines>
        </class>
        <class name="Azure.Identity.AzureArcManagedIdentitySource/&lt;HandleResponseAsync&gt;d__10" filename="src\azure-sdk-for-net\sdk\identity\Azure.Identity\src\AzureArcManagedIdentitySource.cs" line-rate="0.7368000000000001" branch-rate="0.625" complexity="8">
          <methods>
            <method name="MoveNext" signature="()" line-rate="0.7368000000000001" branch-rate="0.625" complexity="8">
              <lines>
                <line number="72" hits="2" branch="False" />
                <line number="73" hits="2" branch="True" condition-coverage="50% (1/2)">
                  <conditions>
                    <condition number="50" type="jump" coverage="50%" />
                  </conditions>
                </line>
                <line number="74" hits="2" branch="False" />
                <line number="75" hits="2" branch="True" condition-coverage="50% (1/2)">
                  <conditions>
                    <condition number="92" type="jump" coverage="50%" />
                  </conditions>
                </line>
                <line number="76" hits="0" branch="False" />
                <line number="77" hits="0" branch="False" />
                <line number="80" hits="2" branch="False" />
                <line number="82" hits="2" branch="True" condition-coverage="50% (1/2)">
                  <conditions>
                    <condition number="153" type="jump" coverage="50%" />
                  </conditions>
                </line>
                <line number="83" hits="0" branch="False" />
                <line number="84" hits="0" branch="False" />
                <line number="87" hits="2" branch="False" />
                <line number="89" hits="2" branch="False" />
                <line number="91" hits="2" branch="False" />
                <line number="93" hits="2" branch="True" condition-coverage="100% (2/2)">
                  <conditions>
                    <condition number="284" type="jump" coverage="100%" />
                  </conditions>
                </line>
                <line number="94" hits="2" branch="False" />
                <line number="95" hits="2" branch="False" />
                <line number="97" hits="2" branch="False" />
                <line number="100" hits="0" branch="False" />
                <line number="101" hits="2" branch="False" />
              </lines>
            </method>
          </methods>
          <lines>
            <line number="72" hits="2" branch="False" />
            <line number="73" hits="2" branch="True" condition-coverage="50% (1/2)">
              <conditions>
                <condition number="50" type="jump" coverage="50%" />
              </conditions>
            </line>
            <line number="74" hits="2" branch="False" />
            <line number="75" hits="2" branch="True" condition-coverage="50% (1/2)">
              <conditions>
                <condition number="92" type="jump" coverage="50%" />
              </conditions>
            </line>
            <line number="76" hits="0" branch="False" />
            <line number="77" hits="0" branch="False" />
            <line number="80" hits="2" branch="False" />
            <line number="82" hits="2" branch="True" condition-coverage="50% (1/2)">
              <conditions>
                <condition number="153" type="jump" coverage="50%" />
              </conditions>
            </line>
            <line number="83" hits="0" branch="False" />
            <line number="84" hits="0" branch="False" />
            <line number="87" hits="2" branch="False" />
            <line number="89" hits="2" branch="False" />
            <line number="91" hits="2" branch="False" />
            <line number="93" hits="2" branch="True" condition-coverage="100% (2/2)">
              <conditions>
                <condition number="284" type="jump" coverage="100%" />
              </conditions>
            </line>
            <line number="94" hits="2" branch="False" />
            <line number="95" hits="2" branch="False" />
            <line number="97" hits="2" branch="False" />
            <line number="100" hits="0" branch="False" />
            <line number="101" hits="2" branch="False" />
          </lines>
        </class>
        <class name="Azure.Identity.AzureAuthorityHosts" filename="src\azure-sdk-for-net\sdk\identity\Azure.Identity\src\AzureAuthorityHosts.cs" line-rate="0.7619" branch-rate="0.3" complexity="15">
          <methods>
            <method name="get_AzurePublicCloud" signature="()" line-rate="1" branch-rate="1" complexity="1">
              <lines>
                <line number="20" hits="192" branch="False" />
              </lines>
            </method>
            <method name="get_AzureChina" signature="()" line-rate="1" branch-rate="1" complexity="1">
              <lines>
                <line number="25" hits="5" branch="False" />
              </lines>
            </method>
            <method name="get_AzureGermany" signature="()" line-rate="1" branch-rate="1" complexity="1">
              <lines>
                <line number="30" hits="3" branch="False" />
              </lines>
            </method>
            <method name="get_AzureGovernment" signature="()" line-rate="0" branch-rate="1" complexity="1">
              <lines>
                <line number="35" hits="0" branch="False" />
              </lines>
            </method>
            <method name="GetDefault" signature="()" line-rate="1" branch-rate="1" complexity="2">
              <lines>
                <line number="38" hits="191" branch="False" />
                <line number="39" hits="191" branch="True" condition-coverage="100% (2/2)">
                  <conditions>
                    <condition number="11" type="jump" coverage="100%" />
                  </conditions>
                </line>
                <line number="40" hits="20" branch="False" />
                <line number="41" hits="20" branch="False" />
                <line number="44" hits="171" branch="False" />
                <line number="45" hits="189" branch="False" />
              </lines>
            </method>
            <method name="GetDefaultScope" signature="(System.Uri)" line-rate="0.5" branch-rate="0.125" complexity="8">
              <lines>
[...]
                </line>
                <line number="67" hits="2" branch="False" />
                <line number="68" hits="2" branch="False" />
                <line number="71" hits="40" branch="False" />
                <line number="72" hits="40" branch="False" />
                <line number="74" hits="20" branch="False" />
                <line number="75" hits="20" branch="False" />
                <line number="77" hits="18" branch="True" condition-coverage="100% (2/2)">
                  <conditions>
                    <condition number="213" type="jump" coverage="100%" />
                  </conditions>
                </line>
                <line number="78" hits="2" branch="False" />
                <line number="79" hits="2" branch="False" />
                <line number="82" hits="16" branch="False" />
                <line number="83" hits="8" branch="False" />
                <line number="85" hits="34" branch="False" />
                <line number="86" hits="34" branch="False" />
                <line number="87" hits="34" branch="False" />
                <line number="89" hits="8" branch="False" />
              </lines>
            </method>
          </methods>
          <lines>
            <line number="61" hits="42" branch="False" />
            <line number="62" hits="42" branch="False" />
            <line number="65" hits="42" branch="False" />
            <line number="66" hits="42" branch="True" condition-coverage="100% (2/2)">
              <conditions>
                <condition number="92" type="jump" coverage="100%" />
              </conditions>
            </line>
            <line number="67" hits="2" branch="False" />
            <line number="68" hits="2" branch="False" />
            <line number="71" hits="40" branch="False" />
            <line number="72" hits="40" branch="False" />
            <line number="74" hits="20" branch="False" />
            <line number="75" hits="20" branch="False" />
            <line number="77" hits="18" branch="True" condition-coverage="100% (2/2)">
              <conditions>
                <condition number="213" type="jump" coverage="100%" />
              </conditions>
            </line>
            <line number="78" hits="2" branch="False" />
            <line number="79" hits="2" branch="False" />
            <line number="82" hits="16" branch="False" />
            <line number="83" hits="8" branch="False" />
            <line number="85" hits="34" branch="False" />
            <line number="86" hits="34" branch="False" />
            <line number="87" hits="34" branch="False" />
            <line number="89" hits="8" branch="False" />
          </lines>
        </class>
        <class name="Azure.Identity.VisualStudioCredential/&lt;RunProcessesAsync&gt;d__14" filename="src\azure-sdk-for-net\sdk\identity\Azure.Identity\src\VisualStudioCredential.cs" line-rate="0.8484" branch-rate="0.875" complexity="8">
          <methods>
            <method name="MoveNext" signature="()" line-rate="0.8484" branch-rate="0.875" complexity="8">
              <lines>
                <line number="102" hits="16" branch="False" />
                <line number="103" hits="16" branch="False" />
                <line number="104" hits="82" branch="True" condition-coverage="100% (2/2)">
                  <conditions>
                    <condition number="832" type="jump" coverage="100%" />
                  </conditions>
                </line>
                <line number="105" hits="22" branch="False" />
                <line number="106" hits="22" branch="False" />
                <line number="108" hits="22" branch="False" />
                <line number="109" hits="22" branch="False" />
                <line number="110" hits="22" branch="True" condition-coverage="100% (2/2)">
                  <conditions>
                    <condition number="162" type="jump" coverage="100%" />
                  </conditions>
                </line>
                <line number="111" hits="22" branch="False" />
                <line number="112" hits="22" branch="False" />
                <line number="114" hits="12" branch="False" />
                <line number="115" hits="8" branch="False" />
                <line number="116" hits="8" branch="False" />
                <line number="117" hits="8" branch="False" />
                <line number="119" hits="2" branch="False" />
                <line number="120" hits="0" branch="False" />
                <line number="121" hits="0" branch="False" />
                <line number="122" hits="0" branch="False" />
                <line number="123" hits="4" branch="False" />
                <line number="124" hits="4" branch="False" />
                <line number="125" hits="4" branch="False" />
                <line number="126" hits="4" branch="False" />
                <line number="127" hits="10" branch="False" />
                <line number="128" hits="8" branch="False" />
                <line number="129" hits="8" branch="False" />
                <line number="130" hits="8" branch="False" />
                <line number="131" hits="12" branch="False" />
                <line number="133" hits="6" branch="True" condition-coverage="75% (3/4)">
                  <conditions>
                    <condition number="905" type="jump" coverage="50%" />
                    <condition number="912" type="jump" coverage="100%" />
                  </conditions>
                </line>
                <line number="135" hits="0" branch="False" />
                <line number="137" hits="4" branch="False" />
                <line number="138" hits="0" branch="False" />
                <line number="140" hits="2" branch="False" />
                <line number="142" hits="8" branch="False" />
              </lines>
            </method>
          </methods>
          <lines>
            <line number="102" hits="16" branch="False" />
            <line number="103" hits="16" branch="False" />
            <line number="104" hits="82" branch="True" condition-coverage="100% (2/2)">
              <conditions>
                <condition number="832" type="jump" coverage="100%" />
              </conditions>
            </line>
            <line number="105" hits="22" branch="False" />
            <line number="106" hits="22" branch="False" />
            <line number="108" hits="22" branch="False" />
            <line number="109" hits="22" branch="False" />
            <line number="110" hits="22" branch="True" condition-coverage="100% (2/2)">
              <conditions>
                <condition number="162" type="jump" coverage="100%" />
              </conditions>
            </line>
            <line number="111" hits="22" branch="False" />
            <line number="112" hits="22" branch="False" />
            <line number="114" hits="12" branch="False" />
            <line number="115" hits="8" branch="False" />
            <line number="116" hits="8" branch="False" />
            <line number="117" hits="8" branch="False" />
            <line number="119" hits="2" branch="False" />
            <line number="120" hits="0" branch="False" />
            <line number="121" hits="0" branch="False" />
            <line number="122" hits="0" branch="False" />
            <line number="123" hits="4" branch="False" />
            <line number="124" hits="4" branch="False" />
            <line number="125" hits="4" branch="False" />
            <line number="126" hits="4" branch="False" />
            <line number="127" hits="10" branch="False" />
            <line number="128" hits="8" branch="False" />
            <line number="129" hits="8" branch="False" />
            <line number="130" hits="8" branch="False" />
            <line number="131" hits="12" branch="False" />
            <line number="133" hits="6" branch="True" condition-coverage="75% (3/4)">
              <conditions>
                <condition number="905" type="jump" coverage="50%" />
                <condition number="912" type="jump" coverage="100%" />
              </conditions>
            </line>
            <line number="135" hits="0" branch="False" />
            <line number="137" hits="4" branch="False" />
            <line number="138" hits="0" branch="False" />
            <line number="140" hits="2" branch="False" />
            <line number="142" hits="8" branch="False" />
          </lines>
        </class>
        <class name="Azure.Identity.VisualStudioCredentialOptions" filename="src\azure-sdk-for-net\sdk\identity\Azure.Identity\src\VisualStudioCredentialOptions.cs" line-rate="1" branch-rate="1" complexity="2">
          <methods>
            <method name="get_TenantId" signature="()" line-rate="1" branch-rate="1" complexity="1">
              <lines>
                <line number="18" hits="6" branch="False" />
              </lines>
            </method>
            <method name="set_TenantId" signature="(System.String)" line-rate="1" branch-rate="1" complexity="1">
              <lines>
                <line number="19" hits="13" branch="False" />
              </lines>
            </method>
          </methods>
          <lines>
            <line number="18" hits="6" branch="False" />
            <line number="19" hits="13" branch="False" />
          </lines>
        </class>
        <class name="Azure.Identity.WindowsNativeMethods" filename="src\azure-sdk-for-net\sdk\identity\Azure.Identity\src\WindowsNativeMethods.cs" line-rate="0.5" branch-rate="0.41659999999999997" complexity="15">
          <methods>
            <method name="CredRead" signature="(System.String,Azure.Identity.WindowsNativeMethods/CRED_TYPE)" line-rate="1" branch-rate="1" complexity="1">
              <lines>
                <line number="55" hits="28" branch="False" />
                <line number="56" hits="28" branch="False" />
                <line number="57" hits="26" branch="False" />
                <line number="58" hits="26" branch="False" />
              </lines>
            </method>
            <method name="CredWrite" signature="(System.IntPtr)" line-rate="1" branch-rate="1" complexity="1">
              <lines>
                <line number="60" hits="8" branch="False" />
              </lines>
            </method>
            <method name="CredDelete" signature="(System.String,Azure.Identity.WindowsNativeMethods/CRED_TYPE)" line-rate="1" branch-rate="1" complexity="1">
              <lines>
                <line number="62" hits="8" branch="False" />
              </lines>
            </method>
            <method name="CredFree" signature="(System.IntPtr)" line-rate="1" branch-rate="1" complexity="2">
              <lines>
                <line number="65" hits="26" branch="False" />
                <line number="66" hits="26" branch="True" condition-coverage="100% (2/2)">
                  <conditions>
                    <condition number="14" type="jump" coverage="100%" />
                  </conditions>
                </line>
                <line number="67" hits="26" branch="False" />
                <line number="68" hits="26" branch="False" />
                <line number="69" hits="26" branch="False" />
                <line number="70" hits="26" branch="False" />
              </lines>
            </method>
            <method name="ThrowIfFailed" signature="(System.Boolean,System.String)" line-rate="1" branch-rate="0.75" complexity="4">
              <lines>
                <line number="73" hits="44" branch="False" />
                <line number="74" hits="44" branch="True" condition-coverage="100% (2/2)">
                  <conditions>
                    <condition number="4" type="jump" coverage="100%" />
                  </conditions>
                </line>
                <line number="75" hits="42" branch="False" />
                <line number="76" hits="42" branch="False" />
                <line number="79" hits="2" branch="False" />
                <line number="80" hits="2" branch="True" condition-coverage="50% (1/2)">
                  <conditions>
                    <condition number="21" type="jump" coverage="50%" />
                  </conditions>
                </line>
                <line number="81" hits="2" branch="False" />
                <line number="82" hits="42" branch="False" />
              </lines>
            </method>
            <method name="MessageFromErrorCode" signature="(System.Int32)" line-rate="0" branch-rate="0" complexity="6">
              <lines>
                <line number="85" hits="0" branch="False" />
                <line number="87" hits="0" branch="False" />
                <line number="89" hits="0" branch="False" />
                <line number="90" hits="0" branch="False" />
                <line number="93" hits="0" branch="False" />
                <line number="94" hits="0" branch="False" />
                <line number="95" hits="0" branch="True" condition-coverage="0% (0/2)">
                  <conditions>
                    <condition number="46" type="jump" coverage="0%" />
                  </conditions>
                </line>
                <line number="96" hits="0" branch="False" />
                <line number="98" hits="0" branch="False" />
                <line number="99" hits="0" branch="False" />
                <line number="101" hits="0" branch="False" />
                <line number="103" hits="0" branch="False" />
                <line number="104" hits="0" branch="True" condition-coverage="0% (0/2)">
                  <conditions>
                    <condition number="92" type="jump" coverage="0%" />
                  </conditions>
                </line>
                <line number="105" hits="0" branch="False" />
                <line number="106" hits="0" branch="False" />
                <line number="107" hits="0" branch="False" />
                <line number="108" hits="0" branch="False" />
                <line number="109" hits="0" branch="False" />
                <line number="111" hits="0" branch="True" condition-coverage="0% (0/2)">
                  <conditions>
                    <condition number="114" type="jump" coverage="0%" />
                  </conditions>
                </line>
                <line number="112" hits="0" branch="False" />
              </lines>
            </method>
          </methods>
          <lines>
            <line number="55" hits="28" branch="False" />
            <line number="56" hits="28" branch="False" />
            <line number="57" hits="26" branch="False" />
            <line number="58" hits="26" branch="False" />
            <line number="60" hits="8" branch="False" />
            <line number="62" hits="8" branch="False" />
            <line number="65" hits="26" branch="False" />
            <line number="66" hits="26" branch="True" condition-coverage="100% (2/2)">
              <conditions>
                <condition number="14" type="jump" coverage="100%" />
              </conditions>
            </line>
            <line number="67" hits="26" branch="False" />
            <line number="68" hits="26" branch="False" />
            <line number="69" hits="26" branch="False" />
            <line number="70" hits="26" branch="False" />
            <line number="73" hits="44" branch="False" />
            <line number="74" hits="44" branch="True" condition-coverage="100% (2/2)">
              <conditions>
                <condition number="4" type="jump" coverage="100%" />
              </conditions>
            </line>
            <line number="75" hits="42" branch="False" />
            <line number="76" hits="42" branch="False" />
            <line number="79" hits="2" branch="False" />
            <line number="80" hits="2" branch="True" condition-coverage="50% (1/2)">
              <conditions>
                <condition number="21" type="jump" coverage="50%" />
              </conditions>
            </line>
            <line number="81" hits="2" branch="False" />
            <line number="82" hits="42" branch="False" />
            <line number="85" hits="0" branch="False" />
            <line number="87" hits="0" branch="False" />
            <line number="89" hits="0" branch="False" />
            <line number="90" hits="0" branch="False" />
            <line number="93" hits="0" branch="False" />
            <line number="94" hits="0" branch="False" />
            <line number="95" hits="0" branch="True" condition-coverage="0% (0/2)">
              <conditions>
                <condition number="46" type="jump" coverage="0%" />
              </conditions>
            </line>
            <line number="96" hits="0" branch="False" />
            <line number="98" hits="0" branch="False" />
            <line number="99" hits="0" branch="False" />
            <line number="101" hits="0" branch="False" />
            <line number="103" hits="0" branch="False" />
            <line number="104" hits="0" branch="True" condition-coverage="0% (0/2)">
              <conditions>
                <condition number="92" type="jump" coverage="0%" />
              </conditions>
            </line>
            <line number="105" hits="0" branch="False" />
            <line number="106" hits="0" branch="False" />
            <line number="107" hits="0" branch="False" />
            <line number="108" hits="0" branch="False" />
            <line number="109" hits="0" branch="False" />
            <line number="111" hits="0" branch="True" condition-coverage="0% (0/2)">
              <conditions>
                <condition number="114" type="jump" coverage="0%" />
              </conditions>
            </line>
            <line number="112" hits="0" branch="False" />
          </lines>
        </class>
        <class name="Azure.Identity.WindowsVisualStudioCodeAdapter" filename="src\azure-sdk-for-net\sdk\identity\Azure.Identity\src\WindowsVisualStudioCodeAdapter.cs" line-rate="1" branch-rate="1" complexity="3">
          <methods>
            <method name="GetUserSettingsPath" signature="()" line-rate="1" branch-rate="1" complexity="1">
              <lines>
                <line number="15" hits="30" branch="False" />
              </lines>
            </method>
            <method name="GetCredentials" signature="(System.String,System.String)" line-rate="1" branch-rate="1" complexity="1">
              <lines>
                <line number="18" hits="28" branch="False" />
                <line number="19" hits="28" branch="False" />
                <line number="21" hits="26" branch="False" />
                <line number="22" hits="26" branch="False" />
                <line number="23" hits="26" branch="False" />
                <line number="26" hits="26" branch="False" />
                <line number="27" hits="26" branch="False" />
                <line number="28" hits="26" branch="False" />
                <line number="29" hits="26" branch="False" />
              </lines>
            </method>
            <method name=".cctor" signature="()" line-rate="1" branch-rate="1" complexity="1">
              <lines>
                <line number="13" hits="1" branch="False" />
              </lines>
            </method>
          </methods>
          <lines>
            <line number="15" hits="30" branch="False" />
            <line number="18" hits="28" branch="False" />
            <line number="19" hits="28" branch="False" />
            <line number="21" hits="26" branch="False" />
            <line number="22" hits="26" branch="False" />
            <line number="23" hits="26" branch="False" />
            <line number="26" hits="26" branch="False" />
            <line number="27" hits="26" branch="False" />
            <line number="28" hits="26" branch="False" />
            <line number="29" hits="26" branch="False" />
            <line number="13" hits="1" branch="False" />
          </lines>
        </class>
      </classes>
    </package>
  </packages>
</coverage>